[INFO] main.py:59 > Set the device (cuda)
[INFO] augment.py:18 > cub200: autoaugmentation is applied
[INFO] main.py:104 > Using train-transforms Compose(
    Resize(size=(224, 224), interpolation=bilinear, max_size=None, antialias=None)
    RandomCrop(size=(224, 224), padding=4)
    RandomHorizontalFlip(p=0.5)
    AutoAugment CIFAR10 Policy
    ToTensor()
    Normalize(mean=(0.485, 0.456, 0.406), std=(0.229, 0.224, 0.225))
)
[INFO] main.py:114 > [1] Select a CIL method (rm)
[INFO] method_manager.py:97 > CIL Scenario: 
[INFO] main.py:130 > [2] Incrementally training 17 tasks
[INFO] main.py:143 > [2-1] Prepare a datalist for the current task
[INFO] data_loader.py:76 > [Train] Get datalist from cub200_train_disjoint_rand3_cls10_task0.json
[INFO] data_loader.py:109 > [Test ] Get datalist from cub200_test_rand3_cls10_task0.json
[INFO] main.py:160 > [2-2] Set environment for the current task
[INFO] finetune.py:106 > Apply before_task
[INFO] finetune.py:150 > Reset the optimizer and scheduler states
[INFO] finetune.py:155 > Increasing the head of fc 10 -> 10
[INFO] main.py:168 > [2-3] Start to train under offline
[INFO] rainbow_memory.py:71 > Streamed samples: 300
[INFO] rainbow_memory.py:72 > In-memory samples: 0
[INFO] rainbow_memory.py:73 > Train samples: 300
[INFO] rainbow_memory.py:74 > Test samples: 300
[INFO] rainbow_memory.py:112 > Task 0 | Epoch 1/1 | train_loss 2.3690 | train_acc 0.1007 | test_loss 2.3254 | test_acc 0.1000 | lr 0.0001
[INFO] main.py:208 > [2-4] Update the information for the current task
[INFO] finetune.py:160 > Apply after_task
[INFO] finetune.py:172 > Update the growing memory over 10 classes by random
[INFO] finetune.py:213 > Memory statistic
[INFO] finetune.py:215 > 
Clay_colored_Sparrow      10
Baltimore_Oriole           7
Pomarine_Jaeger            6
Palm_Warbler               5
Black_throated_Sparrow     4
Rufous_Hummingbird         4
Blue_Jay                   4
Song_Sparrow               4
Cedar_Waxwing              3
Gadwall                    3
Name: klass, dtype: int64
[INFO] main.py:216 > [2-5] Report task result
[INFO] main.py:143 > [2-1] Prepare a datalist for the current task
[INFO] data_loader.py:76 > [Train] Get datalist from cub200_train_disjoint_rand3_cls10_task1.json
[INFO] data_loader.py:109 > [Test ] Get datalist from cub200_test_rand3_cls10_task0.json
[INFO] data_loader.py:109 > [Test ] Get datalist from cub200_test_rand3_cls10_task1.json
[INFO] main.py:160 > [2-2] Set environment for the current task
[INFO] finetune.py:106 > Apply before_task
[INFO] finetune.py:150 > Reset the optimizer and scheduler states
[INFO] finetune.py:155 > Increasing the head of fc 10 -> 20
[INFO] main.py:168 > [2-3] Start to train under offline
[INFO] rainbow_memory.py:71 > Streamed samples: 298
[INFO] rainbow_memory.py:72 > In-memory samples: 50
[INFO] rainbow_memory.py:73 > Train samples: 348
[INFO] rainbow_memory.py:74 > Test samples: 598
[INFO] rainbow_memory.py:112 > Task 1 | Epoch 1/1 | train_loss 3.0965 | train_acc 0.0498 | test_loss 3.0331 | test_acc 0.0435 | lr 0.0001
[INFO] main.py:208 > [2-4] Update the information for the current task
[INFO] finetune.py:160 > Apply after_task
[INFO] finetune.py:172 > Update the growing memory over 20 classes by random
[INFO] finetune.py:213 > Memory statistic
[INFO] finetune.py:215 > 
Clay_colored_Sparrow       10
Green_tailed_Towhee         8
Pine_Grosbeak               7
Elegant_Tern                7
Baltimore_Oriole            7
Acadian_Flycatcher          6
Pomarine_Jaeger             6
Palm_Warbler                5
Gray_Kingbird               5
Blue_Jay                    4
Song_Sparrow                4
Rufous_Hummingbird          4
Black_throated_Sparrow      4
Fox_Sparrow                 4
Gray_crowned_Rosy_Finch     4
Red_cockaded_Woodpecker     4
Common_Raven                4
Gadwall                     3
Cedar_Waxwing               3
Chestnut_sided_Warbler      1
Name: klass, dtype: int64
[INFO] main.py:216 > [2-5] Report task result
[INFO] main.py:143 > [2-1] Prepare a datalist for the current task
[INFO] data_loader.py:76 > [Train] Get datalist from cub200_train_disjoint_rand3_cls10_task2.json
[INFO] data_loader.py:109 > [Test ] Get datalist from cub200_test_rand3_cls10_task0.json
[INFO] data_loader.py:109 > [Test ] Get datalist from cub200_test_rand3_cls10_task1.json
[INFO] data_loader.py:109 > [Test ] Get datalist from cub200_test_rand3_cls10_task2.json
[INFO] main.py:160 > [2-2] Set environment for the current task
[INFO] finetune.py:106 > Apply before_task
[INFO] finetune.py:150 > Reset the optimizer and scheduler states
[INFO] finetune.py:155 > Increasing the head of fc 20 -> 30
[INFO] main.py:168 > [2-3] Start to train under offline
[INFO] rainbow_memory.py:71 > Streamed samples: 300
[INFO] rainbow_memory.py:72 > In-memory samples: 100
[INFO] rainbow_memory.py:73 > Train samples: 400
[INFO] rainbow_memory.py:74 > Test samples: 898
[INFO] rainbow_memory.py:112 > Task 2 | Epoch 1/1 | train_loss 3.4179 | train_acc 0.0394 | test_loss 3.4584 | test_acc 0.0290 | lr 0.0001
[INFO] main.py:208 > [2-4] Update the information for the current task
[INFO] finetune.py:160 > Apply after_task
[INFO] finetune.py:172 > Update the growing memory over 30 classes by random
[INFO] finetune.py:213 > Memory statistic
[INFO] finetune.py:215 > 
Field_Sparrow              10
Clay_colored_Sparrow       10
Green_tailed_Towhee         8
Baltimore_Oriole            7
Pine_Grosbeak               7
Elegant_Tern                7
American_Redstart           6
Pomarine_Jaeger             6
Pine_Warbler                6
Purple_Finch                6
Acadian_Flycatcher          6
Palm_Warbler                5
White_throated_Sparrow      5
Gray_Kingbird               5
Common_Raven                4
Slaty_backed_Gull           4
Long_tailed_Jaeger          4
Red_legged_Kittiwake        4
Gray_crowned_Rosy_Finch     4
Red_cockaded_Woodpecker     4
Fox_Sparrow                 4
Song_Sparrow                4
Blue_Jay                    4
Rufous_Hummingbird          4
Black_throated_Sparrow      4
Blue_headed_Vireo           3
Gadwall                     3
Cedar_Waxwing               3
Golden_winged_Warbler       2
Chestnut_sided_Warbler      1
Name: klass, dtype: int64
[INFO] main.py:216 > [2-5] Report task result
[INFO] main.py:143 > [2-1] Prepare a datalist for the current task
[INFO] data_loader.py:76 > [Train] Get datalist from cub200_train_disjoint_rand3_cls10_task3.json
[INFO] data_loader.py:109 > [Test ] Get datalist from cub200_test_rand3_cls10_task0.json
[INFO] data_loader.py:109 > [Test ] Get datalist from cub200_test_rand3_cls10_task1.json
[INFO] data_loader.py:109 > [Test ] Get datalist from cub200_test_rand3_cls10_task2.json
[INFO] data_loader.py:109 > [Test ] Get datalist from cub200_test_rand3_cls10_task3.json
[INFO] main.py:160 > [2-2] Set environment for the current task
[INFO] finetune.py:106 > Apply before_task
[INFO] finetune.py:150 > Reset the optimizer and scheduler states
[INFO] finetune.py:155 > Increasing the head of fc 30 -> 40
[INFO] main.py:168 > [2-3] Start to train under offline
[INFO] rainbow_memory.py:71 > Streamed samples: 300
[INFO] rainbow_memory.py:72 > In-memory samples: 150
[INFO] rainbow_memory.py:73 > Train samples: 450
[INFO] rainbow_memory.py:74 > Test samples: 1198
[INFO] rainbow_memory.py:112 > Task 3 | Epoch 1/1 | train_loss 3.7986 | train_acc 0.0136 | test_loss 3.7279 | test_acc 0.0292 | lr 0.0001
[INFO] main.py:208 > [2-4] Update the information for the current task
[INFO] finetune.py:160 > Apply after_task
[INFO] finetune.py:172 > Update the growing memory over 40 classes by random
[INFO] finetune.py:213 > Memory statistic
[INFO] finetune.py:215 > 
Field_Sparrow                     10
Clay_colored_Sparrow              10
Herring_Gull                       9
Sayornis                           8
Green_tailed_Towhee                8
Baltimore_Oriole                   7
White_crowned_Sparrow              7
Elegant_Tern                       7
Pine_Grosbeak                      7
Pomarine_Jaeger                    6
Myrtle_Warbler                     6
Acadian_Flycatcher                 6
Pine_Warbler                       6
Purple_Finch                       6
American_Redstart                  6
Western_Meadowlark                 5
Gray_Kingbird                      5
White_throated_Sparrow             5
Palm_Warbler                       5
Common_Raven                       4
Long_tailed_Jaeger                 4
Red_cockaded_Woodpecker            4
Slaty_backed_Gull                  4
Gray_crowned_Rosy_Finch            4
Red_legged_Kittiwake               4
Fox_Sparrow                        4
Song_Sparrow                       4
Black_throated_Sparrow             4
Blue_Jay                           4
Blue_winged_Warbler                4
Rufous_Hummingbird                 4
Gadwall                            3
Cedar_Waxwing                      3
Northern_Flicker                   3
Prothonotary_Warbler               3
American_Three_toed_Woodpecker     3
Blue_headed_Vireo                  3
Red_bellied_Woodpecker             2
Golden_winged_Warbler              2
Chestnut_sided_Warbler             1
Name: klass, dtype: int64
[INFO] main.py:216 > [2-5] Report task result
[INFO] main.py:143 > [2-1] Prepare a datalist for the current task
[INFO] data_loader.py:76 > [Train] Get datalist from cub200_train_disjoint_rand3_cls10_task4.json
[INFO] data_loader.py:109 > [Test ] Get datalist from cub200_test_rand3_cls10_task0.json
[INFO] data_loader.py:109 > [Test ] Get datalist from cub200_test_rand3_cls10_task1.json
[INFO] data_loader.py:109 > [Test ] Get datalist from cub200_test_rand3_cls10_task2.json
[INFO] data_loader.py:109 > [Test ] Get datalist from cub200_test_rand3_cls10_task3.json
[INFO] data_loader.py:109 > [Test ] Get datalist from cub200_test_rand3_cls10_task4.json
[INFO] main.py:160 > [2-2] Set environment for the current task
[INFO] finetune.py:106 > Apply before_task
[INFO] finetune.py:150 > Reset the optimizer and scheduler states
[INFO] finetune.py:155 > Increasing the head of fc 40 -> 50
[INFO] main.py:168 > [2-3] Start to train under offline
[INFO] rainbow_memory.py:71 > Streamed samples: 300
[INFO] rainbow_memory.py:72 > In-memory samples: 200
[INFO] rainbow_memory.py:73 > Train samples: 500
[INFO] rainbow_memory.py:74 > Test samples: 1498
[INFO] rainbow_memory.py:112 > Task 4 | Epoch 1/1 | train_loss 3.9286 | train_acc 0.0152 | test_loss 3.9940 | test_acc 0.0220 | lr 0.0001
[INFO] main.py:208 > [2-4] Update the information for the current task
[INFO] finetune.py:160 > Apply after_task
[INFO] finetune.py:172 > Update the growing memory over 50 classes by random
[INFO] finetune.py:213 > Memory statistic
[INFO] finetune.py:215 > 
Clay_colored_Sparrow              10
Field_Sparrow                     10
Herring_Gull                       9
Sayornis                           8
Green_tailed_Towhee                8
Yellow_bellied_Flycatcher          8
Pine_Grosbeak                      7
Northern_Fulmar                    7
White_crowned_Sparrow              7
Elegant_Tern                       7
Baltimore_Oriole                   7
Pomarine_Jaeger                    6
Pine_Warbler                       6
Myrtle_Warbler                     6
Purple_Finch                       6
American_Redstart                  6
Acadian_Flycatcher                 6
White_necked_Raven                 6
Evening_Grosbeak                   5
White_throated_Sparrow             5
Western_Meadowlark                 5
Least_Flycatcher                   5
Palm_Warbler                       5
Gray_Kingbird                      5
Hooded_Merganser                   4
Rufous_Hummingbird                 4
Scott_Oriole                       4
White_Pelican                      4
Song_Sparrow                       4
Fox_Sparrow                        4
Slaty_backed_Gull                  4
Black_throated_Sparrow             4
Gray_crowned_Rosy_Finch            4
Blue_Jay                           4
Red_cockaded_Woodpecker            4
Blue_winged_Warbler                4
Pigeon_Guillemot                   4
Common_Raven                       4
Red_legged_Kittiwake               4
Long_tailed_Jaeger                 4
Cedar_Waxwing                      3
Gadwall                            3
Blue_headed_Vireo                  3
Northern_Flicker                   3
Prothonotary_Warbler               3
American_Three_toed_Woodpecker     3
Ringed_Kingfisher                  3
Red_bellied_Woodpecker             2
Golden_winged_Warbler              2
Chestnut_sided_Warbler             1
Name: klass, dtype: int64
[INFO] main.py:216 > [2-5] Report task result
[INFO] main.py:143 > [2-1] Prepare a datalist for the current task
[INFO] data_loader.py:76 > [Train] Get datalist from cub200_train_disjoint_rand3_cls10_task5.json
[INFO] data_loader.py:109 > [Test ] Get datalist from cub200_test_rand3_cls10_task0.json
[INFO] data_loader.py:109 > [Test ] Get datalist from cub200_test_rand3_cls10_task1.json
[INFO] data_loader.py:109 > [Test ] Get datalist from cub200_test_rand3_cls10_task2.json
[INFO] data_loader.py:109 > [Test ] Get datalist from cub200_test_rand3_cls10_task3.json
[INFO] data_loader.py:109 > [Test ] Get datalist from cub200_test_rand3_cls10_task4.json
[INFO] data_loader.py:109 > [Test ] Get datalist from cub200_test_rand3_cls10_task5.json
[INFO] main.py:160 > [2-2] Set environment for the current task
[INFO] finetune.py:106 > Apply before_task
[INFO] finetune.py:150 > Reset the optimizer and scheduler states
[INFO] finetune.py:155 > Increasing the head of fc 50 -> 60
[INFO] main.py:168 > [2-3] Start to train under offline
[INFO] rainbow_memory.py:71 > Streamed samples: 300
[INFO] rainbow_memory.py:72 > In-memory samples: 250
[INFO] rainbow_memory.py:73 > Train samples: 550
[INFO] rainbow_memory.py:74 > Test samples: 1798
[INFO] rainbow_memory.py:112 > Task 5 | Epoch 1/1 | train_loss 4.1475 | train_acc 0.0307 | test_loss 4.1455 | test_acc 0.0161 | lr 0.0001
[INFO] main.py:208 > [2-4] Update the information for the current task
[INFO] finetune.py:160 > Apply after_task
[INFO] finetune.py:172 > Update the growing memory over 60 classes by random
[INFO] finetune.py:213 > Memory statistic
[INFO] finetune.py:215 > 
Clay_colored_Sparrow              10
Field_Sparrow                     10
Herring_Gull                       9
Kentucky_Warbler                   8
Sayornis                           8
Pileated_Woodpecker                8
Green_tailed_Towhee                8
Yellow_bellied_Flycatcher          8
White_crowned_Sparrow              7
Elegant_Tern                       7
Pine_Grosbeak                      7
Baltimore_Oriole                   7
Western_Grebe                      7
Northern_Fulmar                    7
White_necked_Raven                 6
American_Redstart                  6
Purple_Finch                       6
Myrtle_Warbler                     6
Pine_Warbler                       6
Acadian_Flycatcher                 6
Pomarine_Jaeger                    6
Baird_Sparrow                      6
Western_Meadowlark                 5
Least_Flycatcher                   5
Evening_Grosbeak                   5
Hooded_Warbler                     5
White_throated_Sparrow             5
Palm_Warbler                       5
Gray_Kingbird                      5
Red_legged_Kittiwake               4
Red_cockaded_Woodpecker            4
European_Goldfinch                 4
House_Sparrow                      4
Black_throated_Sparrow             4
Rufous_Hummingbird                 4
Louisiana_Waterthrush              4
Blue_Jay                           4
Song_Sparrow                       4
Pigeon_Guillemot                   4
Hooded_Merganser                   4
Fox_Sparrow                        4
Gray_crowned_Rosy_Finch            4
Long_tailed_Jaeger                 4
Slaty_backed_Gull                  4
White_Pelican                      4
Common_Raven                       4
Scott_Oriole                       4
Blue_winged_Warbler                4
Prothonotary_Warbler               3
Northern_Flicker                   3
Ringed_Kingfisher                  3
Cedar_Waxwing                      3
American_Three_toed_Woodpecker     3
Gadwall                            3
Blue_headed_Vireo                  3
Florida_Jay                        2
Mourning_Warbler                   2
Red_bellied_Woodpecker             2
Golden_winged_Warbler              2
Chestnut_sided_Warbler             1
Name: klass, dtype: int64
[INFO] main.py:216 > [2-5] Report task result
[INFO] main.py:143 > [2-1] Prepare a datalist for the current task
[INFO] data_loader.py:76 > [Train] Get datalist from cub200_train_disjoint_rand3_cls10_task6.json
[INFO] data_loader.py:109 > [Test ] Get datalist from cub200_test_rand3_cls10_task0.json
[INFO] data_loader.py:109 > [Test ] Get datalist from cub200_test_rand3_cls10_task1.json
[INFO] data_loader.py:109 > [Test ] Get datalist from cub200_test_rand3_cls10_task2.json
[INFO] data_loader.py:109 > [Test ] Get datalist from cub200_test_rand3_cls10_task3.json
[INFO] data_loader.py:109 > [Test ] Get datalist from cub200_test_rand3_cls10_task4.json
[INFO] data_loader.py:109 > [Test ] Get datalist from cub200_test_rand3_cls10_task5.json
[INFO] data_loader.py:109 > [Test ] Get datalist from cub200_test_rand3_cls10_task6.json
[INFO] main.py:160 > [2-2] Set environment for the current task
[INFO] finetune.py:106 > Apply before_task
[INFO] finetune.py:150 > Reset the optimizer and scheduler states
[INFO] finetune.py:155 > Increasing the head of fc 60 -> 70
[INFO] main.py:168 > [2-3] Start to train under offline
[INFO] rainbow_memory.py:71 > Streamed samples: 300
[INFO] rainbow_memory.py:72 > In-memory samples: 300
[INFO] rainbow_memory.py:73 > Train samples: 600
[INFO] rainbow_memory.py:74 > Test samples: 2098
[INFO] rainbow_memory.py:112 > Task 6 | Epoch 1/1 | train_loss 4.3252 | train_acc 0.0068 | test_loss 4.3166 | test_acc 0.0181 | lr 0.0001
[INFO] main.py:208 > [2-4] Update the information for the current task
[INFO] finetune.py:160 > Apply after_task
[INFO] finetune.py:172 > Update the growing memory over 70 classes by random
[INFO] finetune.py:213 > Memory statistic
[INFO] finetune.py:215 > 
Field_Sparrow             10
Clay_colored_Sparrow      10
Herring_Gull               9
Dark_eyed_Junco            9
Brewer_Sparrow             9
                          ..
Red_bellied_Woodpecker     2
Golden_winged_Warbler      2
Hooded_Oriole              1
Chestnut_sided_Warbler     1
Western_Gull               1
Name: klass, Length: 69, dtype: int64
[INFO] main.py:216 > [2-5] Report task result
[INFO] main.py:143 > [2-1] Prepare a datalist for the current task
[INFO] data_loader.py:76 > [Train] Get datalist from cub200_train_disjoint_rand3_cls10_task7.json
[INFO] data_loader.py:109 > [Test ] Get datalist from cub200_test_rand3_cls10_task0.json
[INFO] data_loader.py:109 > [Test ] Get datalist from cub200_test_rand3_cls10_task1.json
[INFO] data_loader.py:109 > [Test ] Get datalist from cub200_test_rand3_cls10_task2.json
[INFO] data_loader.py:109 > [Test ] Get datalist from cub200_test_rand3_cls10_task3.json
[INFO] data_loader.py:109 > [Test ] Get datalist from cub200_test_rand3_cls10_task4.json
[INFO] data_loader.py:109 > [Test ] Get datalist from cub200_test_rand3_cls10_task5.json
[INFO] data_loader.py:109 > [Test ] Get datalist from cub200_test_rand3_cls10_task6.json
[INFO] data_loader.py:109 > [Test ] Get datalist from cub200_test_rand3_cls10_task7.json
[INFO] main.py:160 > [2-2] Set environment for the current task
[INFO] finetune.py:106 > Apply before_task
[INFO] finetune.py:150 > Reset the optimizer and scheduler states
[INFO] finetune.py:155 > Increasing the head of fc 70 -> 80
[INFO] main.py:168 > [2-3] Start to train under offline
[INFO] rainbow_memory.py:71 > Streamed samples: 300
[INFO] rainbow_memory.py:72 > In-memory samples: 350
[INFO] rainbow_memory.py:73 > Train samples: 650
[INFO] rainbow_memory.py:74 > Test samples: 2398
[INFO] rainbow_memory.py:112 > Task 7 | Epoch 1/1 | train_loss 4.3703 | train_acc 0.0118 | test_loss 4.4451 | test_acc 0.0146 | lr 0.0001
[INFO] main.py:208 > [2-4] Update the information for the current task
[INFO] finetune.py:160 > Apply after_task
[INFO] finetune.py:172 > Update the growing memory over 80 classes by random
[INFO] finetune.py:213 > Memory statistic
[INFO] finetune.py:215 > 
Scarlet_Tanager           11
Clay_colored_Sparrow      10
Field_Sparrow             10
Herring_Gull               9
Brewer_Sparrow             9
                          ..
Mourning_Warbler           2
Golden_winged_Warbler      2
Hooded_Oriole              1
Chestnut_sided_Warbler     1
Western_Gull               1
Name: klass, Length: 78, dtype: int64
[INFO] main.py:216 > [2-5] Report task result
[INFO] main.py:143 > [2-1] Prepare a datalist for the current task
[INFO] data_loader.py:76 > [Train] Get datalist from cub200_train_disjoint_rand3_cls10_task8.json
[INFO] data_loader.py:109 > [Test ] Get datalist from cub200_test_rand3_cls10_task0.json
[INFO] data_loader.py:109 > [Test ] Get datalist from cub200_test_rand3_cls10_task1.json
[INFO] data_loader.py:109 > [Test ] Get datalist from cub200_test_rand3_cls10_task2.json
[INFO] data_loader.py:109 > [Test ] Get datalist from cub200_test_rand3_cls10_task3.json
[INFO] data_loader.py:109 > [Test ] Get datalist from cub200_test_rand3_cls10_task4.json
[INFO] data_loader.py:109 > [Test ] Get datalist from cub200_test_rand3_cls10_task5.json
[INFO] data_loader.py:109 > [Test ] Get datalist from cub200_test_rand3_cls10_task6.json
[INFO] data_loader.py:109 > [Test ] Get datalist from cub200_test_rand3_cls10_task7.json
[INFO] data_loader.py:109 > [Test ] Get datalist from cub200_test_rand3_cls10_task8.json
[INFO] main.py:160 > [2-2] Set environment for the current task
[INFO] finetune.py:106 > Apply before_task
[INFO] finetune.py:150 > Reset the optimizer and scheduler states
[INFO] finetune.py:155 > Increasing the head of fc 80 -> 90
[INFO] main.py:168 > [2-3] Start to train under offline
[INFO] rainbow_memory.py:71 > Streamed samples: 299
[INFO] rainbow_memory.py:72 > In-memory samples: 400
[INFO] rainbow_memory.py:73 > Train samples: 699
[INFO] rainbow_memory.py:74 > Test samples: 2697
[INFO] rainbow_memory.py:112 > Task 8 | Epoch 1/1 | train_loss 4.5155 | train_acc 0.0389 | test_loss 4.5763 | test_acc 0.0111 | lr 0.0001
[INFO] main.py:208 > [2-4] Update the information for the current task
[INFO] finetune.py:160 > Apply after_task
[INFO] finetune.py:172 > Update the growing memory over 90 classes by random
[INFO] finetune.py:213 > Memory statistic
[INFO] finetune.py:215 > 
Scarlet_Tanager              11
Field_Sparrow                10
Clay_colored_Sparrow         10
House_Wren                    9
Brewer_Sparrow                9
                             ..
Florida_Jay                   2
Scissor_tailed_Flycatcher     2
Western_Gull                  1
Hooded_Oriole                 1
Chestnut_sided_Warbler        1
Name: klass, Length: 88, dtype: int64
[INFO] main.py:216 > [2-5] Report task result
[INFO] main.py:143 > [2-1] Prepare a datalist for the current task
[INFO] data_loader.py:76 > [Train] Get datalist from cub200_train_disjoint_rand3_cls10_task9.json
[INFO] data_loader.py:109 > [Test ] Get datalist from cub200_test_rand3_cls10_task0.json
[INFO] data_loader.py:109 > [Test ] Get datalist from cub200_test_rand3_cls10_task1.json
[INFO] data_loader.py:109 > [Test ] Get datalist from cub200_test_rand3_cls10_task2.json
[INFO] data_loader.py:109 > [Test ] Get datalist from cub200_test_rand3_cls10_task3.json
[INFO] data_loader.py:109 > [Test ] Get datalist from cub200_test_rand3_cls10_task4.json
[INFO] data_loader.py:109 > [Test ] Get datalist from cub200_test_rand3_cls10_task5.json
[INFO] data_loader.py:109 > [Test ] Get datalist from cub200_test_rand3_cls10_task6.json
[INFO] data_loader.py:109 > [Test ] Get datalist from cub200_test_rand3_cls10_task7.json
[INFO] data_loader.py:109 > [Test ] Get datalist from cub200_test_rand3_cls10_task8.json
[INFO] data_loader.py:109 > [Test ] Get datalist from cub200_test_rand3_cls10_task9.json
[INFO] main.py:160 > [2-2] Set environment for the current task
[INFO] finetune.py:106 > Apply before_task
[INFO] finetune.py:150 > Reset the optimizer and scheduler states
[INFO] finetune.py:155 > Increasing the head of fc 90 -> 100
[INFO] main.py:168 > [2-3] Start to train under offline
[INFO] rainbow_memory.py:71 > Streamed samples: 300
[INFO] rainbow_memory.py:72 > In-memory samples: 450
[INFO] rainbow_memory.py:73 > Train samples: 750
[INFO] rainbow_memory.py:74 > Test samples: 2997
[INFO] rainbow_memory.py:112 > Task 9 | Epoch 1/1 | train_loss 4.5294 | train_acc 0.0507 | test_loss 4.7037 | test_acc 0.0077 | lr 0.0001
[INFO] main.py:208 > [2-4] Update the information for the current task
[INFO] finetune.py:160 > Apply after_task
[INFO] finetune.py:172 > Update the growing memory over 100 classes by random
[INFO] finetune.py:213 > Memory statistic
[INFO] finetune.py:215 > 
Scarlet_Tanager           11
Field_Sparrow             10
Clay_colored_Sparrow      10
Dark_eyed_Junco            9
Herring_Gull               9
                          ..
Black_capped_Vireo         2
Florida_Jay                2
Chestnut_sided_Warbler     1
Western_Gull               1
Hooded_Oriole              1
Name: klass, Length: 98, dtype: int64
[INFO] main.py:216 > [2-5] Report task result
[INFO] main.py:143 > [2-1] Prepare a datalist for the current task
[INFO] data_loader.py:76 > [Train] Get datalist from cub200_train_disjoint_rand3_cls10_task10.json
[INFO] data_loader.py:109 > [Test ] Get datalist from cub200_test_rand3_cls10_task0.json
[INFO] data_loader.py:109 > [Test ] Get datalist from cub200_test_rand3_cls10_task1.json
[INFO] data_loader.py:109 > [Test ] Get datalist from cub200_test_rand3_cls10_task2.json
[INFO] data_loader.py:109 > [Test ] Get datalist from cub200_test_rand3_cls10_task3.json
[INFO] data_loader.py:109 > [Test ] Get datalist from cub200_test_rand3_cls10_task4.json
[INFO] data_loader.py:109 > [Test ] Get datalist from cub200_test_rand3_cls10_task5.json
[INFO] data_loader.py:109 > [Test ] Get datalist from cub200_test_rand3_cls10_task6.json
[INFO] data_loader.py:109 > [Test ] Get datalist from cub200_test_rand3_cls10_task7.json
[INFO] data_loader.py:109 > [Test ] Get datalist from cub200_test_rand3_cls10_task8.json
[INFO] data_loader.py:109 > [Test ] Get datalist from cub200_test_rand3_cls10_task9.json
[INFO] data_loader.py:109 > [Test ] Get datalist from cub200_test_rand3_cls10_task10.json
[INFO] main.py:160 > [2-2] Set environment for the current task
[INFO] finetune.py:106 > Apply before_task
[INFO] finetune.py:150 > Reset the optimizer and scheduler states
[INFO] finetune.py:155 > Increasing the head of fc 100 -> 110
[INFO] main.py:168 > [2-3] Start to train under offline
[INFO] rainbow_memory.py:71 > Streamed samples: 299
[INFO] rainbow_memory.py:72 > In-memory samples: 500
[INFO] rainbow_memory.py:73 > Train samples: 799
[INFO] rainbow_memory.py:74 > Test samples: 3296
[INFO] rainbow_memory.py:112 > Task 10 | Epoch 1/1 | train_loss 4.7311 | train_acc 0.0068 | test_loss 4.7801 | test_acc 0.0106 | lr 0.0001
[INFO] main.py:208 > [2-4] Update the information for the current task
[INFO] finetune.py:160 > Apply after_task
[INFO] finetune.py:172 > Update the growing memory over 110 classes by random
[INFO] finetune.py:213 > Memory statistic
[INFO] finetune.py:215 > 
Scarlet_Tanager           11
Field_Sparrow             10
Clay_colored_Sparrow      10
Herring_Gull               9
Dark_eyed_Junco            9
                          ..
Mourning_Warbler           2
Red_bellied_Woodpecker     2
Chestnut_sided_Warbler     1
Hooded_Oriole              1
Western_Gull               1
Name: klass, Length: 108, dtype: int64
[INFO] main.py:216 > [2-5] Report task result
[INFO] main.py:143 > [2-1] Prepare a datalist for the current task
[INFO] data_loader.py:76 > [Train] Get datalist from cub200_train_disjoint_rand3_cls10_task11.json
[INFO] data_loader.py:109 > [Test ] Get datalist from cub200_test_rand3_cls10_task0.json
[INFO] data_loader.py:109 > [Test ] Get datalist from cub200_test_rand3_cls10_task1.json
[INFO] data_loader.py:109 > [Test ] Get datalist from cub200_test_rand3_cls10_task2.json
[INFO] data_loader.py:109 > [Test ] Get datalist from cub200_test_rand3_cls10_task3.json
[INFO] data_loader.py:109 > [Test ] Get datalist from cub200_test_rand3_cls10_task4.json
[INFO] data_loader.py:109 > [Test ] Get datalist from cub200_test_rand3_cls10_task5.json
[INFO] data_loader.py:109 > [Test ] Get datalist from cub200_test_rand3_cls10_task6.json
[INFO] data_loader.py:109 > [Test ] Get datalist from cub200_test_rand3_cls10_task7.json
[INFO] data_loader.py:109 > [Test ] Get datalist from cub200_test_rand3_cls10_task8.json
[INFO] data_loader.py:109 > [Test ] Get datalist from cub200_test_rand3_cls10_task9.json
[INFO] data_loader.py:109 > [Test ] Get datalist from cub200_test_rand3_cls10_task10.json
[INFO] data_loader.py:109 > [Test ] Get datalist from cub200_test_rand3_cls10_task11.json
[INFO] main.py:160 > [2-2] Set environment for the current task
[INFO] finetune.py:106 > Apply before_task
[INFO] finetune.py:150 > Reset the optimizer and scheduler states
[INFO] finetune.py:155 > Increasing the head of fc 110 -> 120
[INFO] main.py:168 > [2-3] Start to train under offline
[INFO] rainbow_memory.py:71 > Streamed samples: 300
[INFO] rainbow_memory.py:72 > In-memory samples: 550
[INFO] rainbow_memory.py:73 > Train samples: 850
[INFO] rainbow_memory.py:74 > Test samples: 3596
[INFO] rainbow_memory.py:112 > Task 11 | Epoch 1/1 | train_loss 4.8196 | train_acc 0.0034 | test_loss 4.8667 | test_acc 0.0092 | lr 0.0001
[INFO] main.py:208 > [2-4] Update the information for the current task
[INFO] finetune.py:160 > Apply after_task
[INFO] finetune.py:172 > Update the growing memory over 120 classes by random
[INFO] finetune.py:213 > Memory statistic
[INFO] finetune.py:215 > 
Scarlet_Tanager           11
Field_Sparrow             10
Clay_colored_Sparrow      10
Dark_eyed_Junco            9
Brewer_Sparrow             9
                          ..
Philadelphia_Vireo         2
Mourning_Warbler           2
Hooded_Oriole              1
Western_Gull               1
Chestnut_sided_Warbler     1
Name: klass, Length: 118, dtype: int64
[INFO] main.py:216 > [2-5] Report task result
[INFO] main.py:143 > [2-1] Prepare a datalist for the current task
[INFO] data_loader.py:76 > [Train] Get datalist from cub200_train_disjoint_rand3_cls10_task12.json
[INFO] data_loader.py:109 > [Test ] Get datalist from cub200_test_rand3_cls10_task0.json
[INFO] data_loader.py:109 > [Test ] Get datalist from cub200_test_rand3_cls10_task1.json
[INFO] data_loader.py:109 > [Test ] Get datalist from cub200_test_rand3_cls10_task2.json
[INFO] data_loader.py:109 > [Test ] Get datalist from cub200_test_rand3_cls10_task3.json
[INFO] data_loader.py:109 > [Test ] Get datalist from cub200_test_rand3_cls10_task4.json
[INFO] data_loader.py:109 > [Test ] Get datalist from cub200_test_rand3_cls10_task5.json
[INFO] data_loader.py:109 > [Test ] Get datalist from cub200_test_rand3_cls10_task6.json
[INFO] data_loader.py:109 > [Test ] Get datalist from cub200_test_rand3_cls10_task7.json
[INFO] data_loader.py:109 > [Test ] Get datalist from cub200_test_rand3_cls10_task8.json
[INFO] data_loader.py:109 > [Test ] Get datalist from cub200_test_rand3_cls10_task9.json
[INFO] data_loader.py:109 > [Test ] Get datalist from cub200_test_rand3_cls10_task10.json
[INFO] data_loader.py:109 > [Test ] Get datalist from cub200_test_rand3_cls10_task11.json
[INFO] data_loader.py:109 > [Test ] Get datalist from cub200_test_rand3_cls10_task12.json
[INFO] main.py:160 > [2-2] Set environment for the current task
[INFO] finetune.py:106 > Apply before_task
[INFO] finetune.py:150 > Reset the optimizer and scheduler states
[INFO] finetune.py:155 > Increasing the head of fc 120 -> 130
[INFO] main.py:168 > [2-3] Start to train under offline
[INFO] rainbow_memory.py:71 > Streamed samples: 300
[INFO] rainbow_memory.py:72 > In-memory samples: 600
[INFO] rainbow_memory.py:73 > Train samples: 900
[INFO] rainbow_memory.py:74 > Test samples: 3896
[INFO] rainbow_memory.py:112 > Task 12 | Epoch 1/1 | train_loss 4.8289 | train_acc 0.0051 | test_loss 4.9660 | test_acc 0.0069 | lr 0.0001
[INFO] main.py:208 > [2-4] Update the information for the current task
[INFO] finetune.py:160 > Apply after_task
[INFO] finetune.py:172 > Update the growing memory over 130 classes by random
[INFO] finetune.py:213 > Memory statistic
[INFO] finetune.py:215 > 
Scarlet_Tanager            11
Clay_colored_Sparrow       10
Field_Sparrow              10
Western_Wood_Pewee          9
Brewer_Sparrow              9
                           ..
Mourning_Warbler            2
White_breasted_Nuthatch     2
Chestnut_sided_Warbler      1
Hooded_Oriole               1
Western_Gull                1
Name: klass, Length: 128, dtype: int64
[INFO] main.py:216 > [2-5] Report task result
[INFO] main.py:143 > [2-1] Prepare a datalist for the current task
[INFO] data_loader.py:76 > [Train] Get datalist from cub200_train_disjoint_rand3_cls10_task13.json
[INFO] data_loader.py:109 > [Test ] Get datalist from cub200_test_rand3_cls10_task0.json
[INFO] data_loader.py:109 > [Test ] Get datalist from cub200_test_rand3_cls10_task1.json
[INFO] data_loader.py:109 > [Test ] Get datalist from cub200_test_rand3_cls10_task2.json
[INFO] data_loader.py:109 > [Test ] Get datalist from cub200_test_rand3_cls10_task3.json
[INFO] data_loader.py:109 > [Test ] Get datalist from cub200_test_rand3_cls10_task4.json
[INFO] data_loader.py:109 > [Test ] Get datalist from cub200_test_rand3_cls10_task5.json
[INFO] data_loader.py:109 > [Test ] Get datalist from cub200_test_rand3_cls10_task6.json
[INFO] data_loader.py:109 > [Test ] Get datalist from cub200_test_rand3_cls10_task7.json
[INFO] data_loader.py:109 > [Test ] Get datalist from cub200_test_rand3_cls10_task8.json
[INFO] data_loader.py:109 > [Test ] Get datalist from cub200_test_rand3_cls10_task9.json
[INFO] data_loader.py:109 > [Test ] Get datalist from cub200_test_rand3_cls10_task10.json
[INFO] data_loader.py:109 > [Test ] Get datalist from cub200_test_rand3_cls10_task11.json
[INFO] data_loader.py:109 > [Test ] Get datalist from cub200_test_rand3_cls10_task12.json
[INFO] data_loader.py:109 > [Test ] Get datalist from cub200_test_rand3_cls10_task13.json
[INFO] main.py:160 > [2-2] Set environment for the current task
[INFO] finetune.py:106 > Apply before_task
[INFO] finetune.py:150 > Reset the optimizer and scheduler states
[INFO] finetune.py:155 > Increasing the head of fc 130 -> 140
[INFO] main.py:168 > [2-3] Start to train under offline
[INFO] rainbow_memory.py:71 > Streamed samples: 300
[INFO] rainbow_memory.py:72 > In-memory samples: 650
[INFO] rainbow_memory.py:73 > Train samples: 950
[INFO] rainbow_memory.py:74 > Test samples: 4196
[INFO] rainbow_memory.py:112 > Task 13 | Epoch 1/1 | train_loss 4.9521 | train_acc 0.0068 | test_loss 5.0350 | test_acc 0.0064 | lr 0.0001
[INFO] main.py:208 > [2-4] Update the information for the current task
[INFO] finetune.py:160 > Apply after_task
[INFO] finetune.py:172 > Update the growing memory over 140 classes by random
[INFO] finetune.py:213 > Memory statistic
[INFO] finetune.py:215 > 
Scarlet_Tanager           11
Clay_colored_Sparrow      10
Field_Sparrow             10
Yellow_throated_Vireo      9
Brewer_Sparrow             9
                          ..
Red_bellied_Woodpecker     2
Horned_Grebe               1
Chestnut_sided_Warbler     1
Hooded_Oriole              1
Western_Gull               1
Name: klass, Length: 138, dtype: int64
[INFO] main.py:216 > [2-5] Report task result
[INFO] main.py:143 > [2-1] Prepare a datalist for the current task
[INFO] data_loader.py:76 > [Train] Get datalist from cub200_train_disjoint_rand3_cls10_task14.json
[INFO] data_loader.py:109 > [Test ] Get datalist from cub200_test_rand3_cls10_task0.json
[INFO] data_loader.py:109 > [Test ] Get datalist from cub200_test_rand3_cls10_task1.json
[INFO] data_loader.py:109 > [Test ] Get datalist from cub200_test_rand3_cls10_task2.json
[INFO] data_loader.py:109 > [Test ] Get datalist from cub200_test_rand3_cls10_task3.json
[INFO] data_loader.py:109 > [Test ] Get datalist from cub200_test_rand3_cls10_task4.json
[INFO] data_loader.py:109 > [Test ] Get datalist from cub200_test_rand3_cls10_task5.json
[INFO] data_loader.py:109 > [Test ] Get datalist from cub200_test_rand3_cls10_task6.json
[INFO] data_loader.py:109 > [Test ] Get datalist from cub200_test_rand3_cls10_task7.json
[INFO] data_loader.py:109 > [Test ] Get datalist from cub200_test_rand3_cls10_task8.json
[INFO] data_loader.py:109 > [Test ] Get datalist from cub200_test_rand3_cls10_task9.json
[INFO] data_loader.py:109 > [Test ] Get datalist from cub200_test_rand3_cls10_task10.json
[INFO] data_loader.py:109 > [Test ] Get datalist from cub200_test_rand3_cls10_task11.json
[INFO] data_loader.py:109 > [Test ] Get datalist from cub200_test_rand3_cls10_task12.json
[INFO] data_loader.py:109 > [Test ] Get datalist from cub200_test_rand3_cls10_task13.json
[INFO] data_loader.py:109 > [Test ] Get datalist from cub200_test_rand3_cls10_task14.json
[INFO] main.py:160 > [2-2] Set environment for the current task
[INFO] finetune.py:106 > Apply before_task
[INFO] finetune.py:150 > Reset the optimizer and scheduler states
[INFO] finetune.py:155 > Increasing the head of fc 140 -> 150
[INFO] main.py:168 > [2-3] Start to train under offline
[INFO] rainbow_memory.py:71 > Streamed samples: 298
[INFO] rainbow_memory.py:72 > In-memory samples: 700
[INFO] rainbow_memory.py:73 > Train samples: 998
[INFO] rainbow_memory.py:74 > Test samples: 4494
[INFO] rainbow_memory.py:112 > Task 14 | Epoch 1/1 | train_loss 5.0344 | train_acc 0.0236 | test_loss 5.0959 | test_acc 0.0100 | lr 0.0001
[INFO] main.py:208 > [2-4] Update the information for the current task
[INFO] finetune.py:160 > Apply after_task
[INFO] finetune.py:172 > Update the growing memory over 150 classes by random
[INFO] finetune.py:213 > Memory statistic
[INFO] finetune.py:215 > 
Scarlet_Tanager           11
Field_Sparrow             10
Clay_colored_Sparrow      10
Ring_billed_Gull           9
Yellow_throated_Vireo      9
                          ..
Bohemian_Waxwing           2
Western_Gull               1
Horned_Grebe               1
Chestnut_sided_Warbler     1
Hooded_Oriole              1
Name: klass, Length: 148, dtype: int64
[INFO] main.py:216 > [2-5] Report task result
[INFO] main.py:143 > [2-1] Prepare a datalist for the current task
[INFO] data_loader.py:76 > [Train] Get datalist from cub200_train_disjoint_rand3_cls10_task15.json
[INFO] data_loader.py:109 > [Test ] Get datalist from cub200_test_rand3_cls10_task0.json
[INFO] data_loader.py:109 > [Test ] Get datalist from cub200_test_rand3_cls10_task1.json
[INFO] data_loader.py:109 > [Test ] Get datalist from cub200_test_rand3_cls10_task2.json
[INFO] data_loader.py:109 > [Test ] Get datalist from cub200_test_rand3_cls10_task3.json
[INFO] data_loader.py:109 > [Test ] Get datalist from cub200_test_rand3_cls10_task4.json
[INFO] data_loader.py:109 > [Test ] Get datalist from cub200_test_rand3_cls10_task5.json
[INFO] data_loader.py:109 > [Test ] Get datalist from cub200_test_rand3_cls10_task6.json
[INFO] data_loader.py:109 > [Test ] Get datalist from cub200_test_rand3_cls10_task7.json
[INFO] data_loader.py:109 > [Test ] Get datalist from cub200_test_rand3_cls10_task8.json
[INFO] data_loader.py:109 > [Test ] Get datalist from cub200_test_rand3_cls10_task9.json
[INFO] data_loader.py:109 > [Test ] Get datalist from cub200_test_rand3_cls10_task10.json
[INFO] data_loader.py:109 > [Test ] Get datalist from cub200_test_rand3_cls10_task11.json
[INFO] data_loader.py:109 > [Test ] Get datalist from cub200_test_rand3_cls10_task12.json
[INFO] data_loader.py:109 > [Test ] Get datalist from cub200_test_rand3_cls10_task13.json
[INFO] data_loader.py:109 > [Test ] Get datalist from cub200_test_rand3_cls10_task14.json
[INFO] data_loader.py:109 > [Test ] Get datalist from cub200_test_rand3_cls10_task15.json
[INFO] main.py:160 > [2-2] Set environment for the current task
[INFO] finetune.py:106 > Apply before_task
[INFO] finetune.py:150 > Reset the optimizer and scheduler states
[INFO] finetune.py:155 > Increasing the head of fc 150 -> 160
[INFO] main.py:168 > [2-3] Start to train under offline
[INFO] rainbow_memory.py:71 > Streamed samples: 300
[INFO] rainbow_memory.py:72 > In-memory samples: 750
[INFO] rainbow_memory.py:73 > Train samples: 1050
[INFO] rainbow_memory.py:74 > Test samples: 4794
[INFO] rainbow_memory.py:112 > Task 15 | Epoch 1/1 | train_loss 5.1033 | train_acc 0.0034 | test_loss 5.1618 | test_acc 0.0063 | lr 0.0001
[INFO] main.py:208 > [2-4] Update the information for the current task
[INFO] finetune.py:160 > Apply after_task
[INFO] finetune.py:172 > Update the growing memory over 160 classes by random
[INFO] finetune.py:213 > Memory statistic
[INFO] finetune.py:215 > 
Mockingbird               11
Scarlet_Tanager           11
Clay_colored_Sparrow      10
Field_Sparrow             10
House_Wren                 9
                          ..
Golden_winged_Warbler      2
Hooded_Oriole              1
Western_Gull               1
Horned_Grebe               1
Chestnut_sided_Warbler     1
Name: klass, Length: 157, dtype: int64
[INFO] main.py:216 > [2-5] Report task result
[INFO] main.py:143 > [2-1] Prepare a datalist for the current task
[INFO] data_loader.py:76 > [Train] Get datalist from cub200_train_disjoint_rand3_cls10_task16.json
[INFO] data_loader.py:109 > [Test ] Get datalist from cub200_test_rand3_cls10_task0.json
[INFO] data_loader.py:109 > [Test ] Get datalist from cub200_test_rand3_cls10_task1.json
[INFO] data_loader.py:109 > [Test ] Get datalist from cub200_test_rand3_cls10_task2.json
[INFO] data_loader.py:109 > [Test ] Get datalist from cub200_test_rand3_cls10_task3.json
[INFO] data_loader.py:109 > [Test ] Get datalist from cub200_test_rand3_cls10_task4.json
[INFO] data_loader.py:109 > [Test ] Get datalist from cub200_test_rand3_cls10_task5.json
[INFO] data_loader.py:109 > [Test ] Get datalist from cub200_test_rand3_cls10_task6.json
[INFO] data_loader.py:109 > [Test ] Get datalist from cub200_test_rand3_cls10_task7.json
[INFO] data_loader.py:109 > [Test ] Get datalist from cub200_test_rand3_cls10_task8.json
[INFO] data_loader.py:109 > [Test ] Get datalist from cub200_test_rand3_cls10_task9.json
[INFO] data_loader.py:109 > [Test ] Get datalist from cub200_test_rand3_cls10_task10.json
[INFO] data_loader.py:109 > [Test ] Get datalist from cub200_test_rand3_cls10_task11.json
[INFO] data_loader.py:109 > [Test ] Get datalist from cub200_test_rand3_cls10_task12.json
[INFO] data_loader.py:109 > [Test ] Get datalist from cub200_test_rand3_cls10_task13.json
[INFO] data_loader.py:109 > [Test ] Get datalist from cub200_test_rand3_cls10_task14.json
[INFO] data_loader.py:109 > [Test ] Get datalist from cub200_test_rand3_cls10_task15.json
[INFO] data_loader.py:109 > [Test ] Get datalist from cub200_test_rand3_cls10_task16.json
[INFO] main.py:160 > [2-2] Set environment for the current task
[INFO] finetune.py:106 > Apply before_task
[INFO] finetune.py:150 > Reset the optimizer and scheduler states
[INFO] finetune.py:155 > Increasing the head of fc 160 -> 170
[INFO] main.py:168 > [2-3] Start to train under offline
[INFO] rainbow_memory.py:71 > Streamed samples: 300
[INFO] rainbow_memory.py:72 > In-memory samples: 800
[INFO] rainbow_memory.py:73 > Train samples: 1100
[INFO] rainbow_memory.py:74 > Test samples: 5094
[INFO] rainbow_memory.py:112 > Task 16 | Epoch 1/1 | train_loss 5.0777 | train_acc 0.0372 | test_loss 5.2156 | test_acc 0.0057 | lr 0.0001
[INFO] main.py:208 > [2-4] Update the information for the current task
[INFO] finetune.py:160 > Apply after_task
[INFO] finetune.py:172 > Update the growing memory over 170 classes by random
[INFO] finetune.py:213 > Memory statistic
[INFO] finetune.py:215 > 
Scarlet_Tanager           11
Mockingbird               11
Clay_colored_Sparrow      10
Field_Sparrow             10
Northern_Waterthrush       9
                          ..
Chestnut_sided_Warbler     1
Horned_Grebe               1
Swainson_Warbler           1
Hooded_Oriole              1
Western_Gull               1
Name: klass, Length: 167, dtype: int64
[INFO] main.py:216 > [2-5] Report task result
[INFO] main.py:242 > ======== Summary =======
[INFO] main.py:243 > A_last 0.005692972124067531 | A_avg 0.02037858088774105 | F_last 0.05938934939913452 | I_last -0.005692972124067531
