[INFO] main.py:59 > Set the device (cuda)
[INFO] augment.py:18 > cub200: autoaugmentation is applied
[INFO] main.py:104 > Using train-transforms Compose(
    Resize(size=(224, 224), interpolation=bilinear, max_size=None, antialias=None)
    RandomCrop(size=(224, 224), padding=4)
    RandomHorizontalFlip(p=0.5)
    AutoAugment CIFAR10 Policy
    ToTensor()
    Normalize(mean=(0.485, 0.456, 0.406), std=(0.229, 0.224, 0.225))
)
[INFO] main.py:114 > [1] Select a CIL method (rm)
[INFO] method_manager.py:97 > CIL Scenario: 
[INFO] main.py:129 > [2] Incrementally training 17 tasks
[INFO] main.py:142 > [2-1] Prepare a datalist for the current task
[INFO] data_loader.py:76 > [Train] Get datalist from cub200_train_disjoint_rand3_cls10_task0.json
[INFO] data_loader.py:109 > [Test ] Get datalist from cub200_test_rand3_cls10_task0.json
[INFO] main.py:159 > [2-2] Set environment for the current task
[INFO] finetune.py:102 > Apply before_task
[INFO] finetune.py:146 > Reset the optimizer and scheduler states
[INFO] finetune.py:151 > Increasing the head of fc 10 -> 10
[INFO] main.py:167 > [2-3] Start to train under offline
[INFO] rainbow_memory.py:71 > Streamed samples: 300
[INFO] rainbow_memory.py:72 > In-memory samples: 0
[INFO] rainbow_memory.py:73 > Train samples: 300
[INFO] rainbow_memory.py:74 > Test samples: 300
[INFO] rainbow_memory.py:112 > Task 0 | Epoch 1/1 | train_loss 2.3690 | train_acc 0.1007 | test_loss 2.3254 | test_acc 0.1000 | lr 0.0001
[INFO] main.py:207 > [2-4] Update the information for the current task
[INFO] finetune.py:156 > Apply after_task
[INFO] finetune.py:166 > Update memory over 10 classes by uncertainty
[WARNING] finetune.py:171 > Candidates < Memory size
[INFO] finetune.py:199 > Memory statistic
[INFO] finetune.py:201 > 
Black_throated_Sparrow    30
Palm_Warbler              30
Clay_colored_Sparrow      30
Blue_Jay                  30
Pomarine_Jaeger           30
Rufous_Hummingbird        30
Baltimore_Oriole          30
Song_Sparrow              30
Gadwall                   30
Cedar_Waxwing             30
Name: klass, dtype: int64
[INFO] main.py:215 > [2-5] Report task result
[INFO] main.py:142 > [2-1] Prepare a datalist for the current task
[INFO] data_loader.py:76 > [Train] Get datalist from cub200_train_disjoint_rand3_cls10_task1.json
[INFO] data_loader.py:109 > [Test ] Get datalist from cub200_test_rand3_cls10_task0.json
[INFO] data_loader.py:109 > [Test ] Get datalist from cub200_test_rand3_cls10_task1.json
[INFO] main.py:159 > [2-2] Set environment for the current task
[INFO] finetune.py:102 > Apply before_task
[INFO] finetune.py:146 > Reset the optimizer and scheduler states
[INFO] finetune.py:151 > Increasing the head of fc 10 -> 20
[INFO] main.py:167 > [2-3] Start to train under offline
[INFO] rainbow_memory.py:71 > Streamed samples: 298
[INFO] rainbow_memory.py:72 > In-memory samples: 300
[INFO] rainbow_memory.py:73 > Train samples: 598
[INFO] rainbow_memory.py:74 > Test samples: 598
[INFO] rainbow_memory.py:112 > Task 1 | Epoch 1/1 | train_loss 3.0884 | train_acc 0.0608 | test_loss 3.0318 | test_acc 0.0502 | lr 0.0001
[INFO] main.py:207 > [2-4] Update the information for the current task
[INFO] finetune.py:156 > Apply after_task
[INFO] finetune.py:166 > Update memory over 20 classes by uncertainty
[WARNING] finetune.py:171 > Candidates < Memory size
[INFO] finetune.py:199 > Memory statistic
[INFO] finetune.py:201 > 
Fox_Sparrow                30
Chestnut_sided_Warbler     30
Gadwall                    30
Song_Sparrow               30
Baltimore_Oriole           30
Rufous_Hummingbird         30
Pomarine_Jaeger            30
Blue_Jay                   30
Clay_colored_Sparrow       30
Palm_Warbler               30
Black_throated_Sparrow     30
Pine_Grosbeak              30
Green_tailed_Towhee        30
Acadian_Flycatcher         30
Gray_crowned_Rosy_Finch    30
Elegant_Tern               30
Gray_Kingbird              30
Cedar_Waxwing              30
Red_cockaded_Woodpecker    29
Common_Raven               29
Name: klass, dtype: int64
[INFO] main.py:215 > [2-5] Report task result
[INFO] main.py:142 > [2-1] Prepare a datalist for the current task
[INFO] data_loader.py:76 > [Train] Get datalist from cub200_train_disjoint_rand3_cls10_task2.json
[INFO] data_loader.py:109 > [Test ] Get datalist from cub200_test_rand3_cls10_task0.json
[INFO] data_loader.py:109 > [Test ] Get datalist from cub200_test_rand3_cls10_task1.json
[INFO] data_loader.py:109 > [Test ] Get datalist from cub200_test_rand3_cls10_task2.json
[INFO] main.py:159 > [2-2] Set environment for the current task
[INFO] finetune.py:102 > Apply before_task
[INFO] finetune.py:146 > Reset the optimizer and scheduler states
[INFO] finetune.py:151 > Increasing the head of fc 20 -> 30
[INFO] main.py:167 > [2-3] Start to train under offline
[INFO] rainbow_memory.py:71 > Streamed samples: 300
[INFO] rainbow_memory.py:72 > In-memory samples: 598
[INFO] rainbow_memory.py:73 > Train samples: 898
[INFO] rainbow_memory.py:74 > Test samples: 898
[INFO] rainbow_memory.py:112 > Task 2 | Epoch 1/1 | train_loss 3.4405 | train_acc 0.0372 | test_loss 3.4483 | test_acc 0.0457 | lr 0.0001
[INFO] main.py:207 > [2-4] Update the information for the current task
[INFO] finetune.py:156 > Apply after_task
[INFO] finetune.py:166 > Update memory over 30 classes by uncertainty
[INFO] finetune.py:580 > Compute uncertainty by vr_randaug!
[WARNING] finetune.py:543 > Fill the unused slots by breaking the equilibrium.
[INFO] finetune.py:199 > Memory statistic
[INFO] finetune.py:201 > 
Song_Sparrow               29
Pomarine_Jaeger            29
American_Redstart          29
Blue_headed_Vireo          29
Acadian_Flycatcher         29
Cedar_Waxwing              29
Baltimore_Oriole           29
Rufous_Hummingbird         29
Blue_Jay                   29
Long_tailed_Jaeger         29
Purple_Finch               28
Gray_Kingbird              28
Pine_Warbler               28
Red_legged_Kittiwake       28
Slaty_backed_Gull          28
Golden_winged_Warbler      28
Field_Sparrow              28
Elegant_Tern               28
Green_tailed_Towhee        28
Red_cockaded_Woodpecker    28
Chestnut_sided_Warbler     28
Clay_colored_Sparrow       28
Fox_Sparrow                28
Gray_crowned_Rosy_Finch    28
Pine_Grosbeak              28
Common_Raven               28
Black_throated_Sparrow     28
Gadwall                    28
Palm_Warbler               28
White_throated_Sparrow     28
Name: klass, dtype: int64
[INFO] main.py:215 > [2-5] Report task result
[INFO] main.py:142 > [2-1] Prepare a datalist for the current task
[INFO] data_loader.py:76 > [Train] Get datalist from cub200_train_disjoint_rand3_cls10_task3.json
[INFO] data_loader.py:109 > [Test ] Get datalist from cub200_test_rand3_cls10_task0.json
[INFO] data_loader.py:109 > [Test ] Get datalist from cub200_test_rand3_cls10_task1.json
[INFO] data_loader.py:109 > [Test ] Get datalist from cub200_test_rand3_cls10_task2.json
[INFO] data_loader.py:109 > [Test ] Get datalist from cub200_test_rand3_cls10_task3.json
[INFO] main.py:159 > [2-2] Set environment for the current task
[INFO] finetune.py:102 > Apply before_task
[INFO] finetune.py:146 > Reset the optimizer and scheduler states
[INFO] finetune.py:151 > Increasing the head of fc 30 -> 40
[INFO] main.py:167 > [2-3] Start to train under offline
[INFO] rainbow_memory.py:71 > Streamed samples: 300
[INFO] rainbow_memory.py:72 > In-memory samples: 850
[INFO] rainbow_memory.py:73 > Train samples: 1150
[INFO] rainbow_memory.py:74 > Test samples: 1198
[INFO] rainbow_memory.py:112 > Task 3 | Epoch 1/1 | train_loss 3.8040 | train_acc 0.0203 | test_loss 3.7399 | test_acc 0.0259 | lr 0.0001
[INFO] main.py:207 > [2-4] Update the information for the current task
[INFO] finetune.py:156 > Apply after_task
[INFO] finetune.py:166 > Update memory over 40 classes by uncertainty
[INFO] finetune.py:580 > Compute uncertainty by vr_randaug!
[WARNING] finetune.py:543 > Fill the unused slots by breaking the equilibrium.
[INFO] finetune.py:199 > Memory statistic
[INFO] finetune.py:201 > 
Palm_Warbler                      23
American_Redstart                 22
Blue_winged_Warbler               22
Rufous_Hummingbird                22
Black_throated_Sparrow            22
Red_legged_Kittiwake              22
White_throated_Sparrow            22
Western_Meadowlark                22
White_crowned_Sparrow             22
Blue_headed_Vireo                 21
Pine_Warbler                      21
Purple_Finch                      21
Long_tailed_Jaeger                21
Herring_Gull                      21
Golden_winged_Warbler             21
Sayornis                          21
Northern_Flicker                  21
American_Three_toed_Woodpecker    21
Prothonotary_Warbler              21
Red_bellied_Woodpecker            21
Slaty_backed_Gull                 21
Song_Sparrow                      21
Field_Sparrow                     21
Clay_colored_Sparrow              21
Gadwall                           21
Blue_Jay                          21
Pomarine_Jaeger                   21
Cedar_Waxwing                     21
Baltimore_Oriole                  21
Acadian_Flycatcher                21
Common_Raven                      21
Pine_Grosbeak                     21
Gray_crowned_Rosy_Finch           21
Fox_Sparrow                       21
Green_tailed_Towhee               21
Chestnut_sided_Warbler            21
Red_cockaded_Woodpecker           21
Gray_Kingbird                     21
Elegant_Tern                      21
Myrtle_Warbler                    21
Name: klass, dtype: int64
[INFO] main.py:215 > [2-5] Report task result
[INFO] main.py:142 > [2-1] Prepare a datalist for the current task
[INFO] data_loader.py:76 > [Train] Get datalist from cub200_train_disjoint_rand3_cls10_task4.json
[INFO] data_loader.py:109 > [Test ] Get datalist from cub200_test_rand3_cls10_task0.json
[INFO] data_loader.py:109 > [Test ] Get datalist from cub200_test_rand3_cls10_task1.json
[INFO] data_loader.py:109 > [Test ] Get datalist from cub200_test_rand3_cls10_task2.json
[INFO] data_loader.py:109 > [Test ] Get datalist from cub200_test_rand3_cls10_task3.json
[INFO] data_loader.py:109 > [Test ] Get datalist from cub200_test_rand3_cls10_task4.json
[INFO] main.py:159 > [2-2] Set environment for the current task
[INFO] finetune.py:102 > Apply before_task
[INFO] finetune.py:146 > Reset the optimizer and scheduler states
[INFO] finetune.py:151 > Increasing the head of fc 40 -> 50
[INFO] main.py:167 > [2-3] Start to train under offline
[INFO] rainbow_memory.py:71 > Streamed samples: 300
[INFO] rainbow_memory.py:72 > In-memory samples: 850
[INFO] rainbow_memory.py:73 > Train samples: 1150
[INFO] rainbow_memory.py:74 > Test samples: 1498
[INFO] rainbow_memory.py:112 > Task 4 | Epoch 1/1 | train_loss 3.9071 | train_acc 0.0270 | test_loss 4.0008 | test_acc 0.0234 | lr 0.0001
[INFO] main.py:207 > [2-4] Update the information for the current task
[INFO] finetune.py:156 > Apply after_task
[INFO] finetune.py:166 > Update memory over 50 classes by uncertainty
[INFO] finetune.py:580 > Compute uncertainty by vr_randaug!
[INFO] finetune.py:199 > Memory statistic
[INFO] finetune.py:201 > 
Song_Sparrow                      17
Prothonotary_Warbler              17
Red_legged_Kittiwake              17
Long_tailed_Jaeger                17
White_throated_Sparrow            17
Blue_winged_Warbler               17
White_crowned_Sparrow             17
Western_Meadowlark                17
Herring_Gull                      17
Sayornis                          17
Northern_Flicker                  17
American_Three_toed_Woodpecker    17
Red_bellied_Woodpecker            17
Clay_colored_Sparrow              17
Myrtle_Warbler                    17
Yellow_bellied_Flycatcher         17
Northern_Fulmar                   17
Evening_Grosbeak                  17
Scott_Oriole                      17
Hooded_Merganser                  17
Least_Flycatcher                  17
Ringed_Kingfisher                 17
Pigeon_Guillemot                  17
White_Pelican                     17
Purple_Finch                      17
Pine_Warbler                      17
Blue_headed_Vireo                 17
Slaty_backed_Gull                 17
Palm_Warbler                      17
Gadwall                           17
Blue_Jay                          17
Rufous_Hummingbird                17
Pomarine_Jaeger                   17
Black_throated_Sparrow            17
Cedar_Waxwing                     17
Baltimore_Oriole                  17
Acadian_Flycatcher                17
Common_Raven                      17
Pine_Grosbeak                     17
Gray_crowned_Rosy_Finch           17
Fox_Sparrow                       17
Green_tailed_Towhee               17
Chestnut_sided_Warbler            17
Red_cockaded_Woodpecker           17
Gray_Kingbird                     17
Elegant_Tern                      17
American_Redstart                 17
Field_Sparrow                     17
Golden_winged_Warbler             17
White_necked_Raven                17
Name: klass, dtype: int64
[INFO] main.py:215 > [2-5] Report task result
[INFO] main.py:142 > [2-1] Prepare a datalist for the current task
[INFO] data_loader.py:76 > [Train] Get datalist from cub200_train_disjoint_rand3_cls10_task5.json
[INFO] data_loader.py:109 > [Test ] Get datalist from cub200_test_rand3_cls10_task0.json
[INFO] data_loader.py:109 > [Test ] Get datalist from cub200_test_rand3_cls10_task1.json
[INFO] data_loader.py:109 > [Test ] Get datalist from cub200_test_rand3_cls10_task2.json
[INFO] data_loader.py:109 > [Test ] Get datalist from cub200_test_rand3_cls10_task3.json
[INFO] data_loader.py:109 > [Test ] Get datalist from cub200_test_rand3_cls10_task4.json
[INFO] data_loader.py:109 > [Test ] Get datalist from cub200_test_rand3_cls10_task5.json
[INFO] main.py:159 > [2-2] Set environment for the current task
[INFO] finetune.py:102 > Apply before_task
[INFO] finetune.py:146 > Reset the optimizer and scheduler states
[INFO] finetune.py:151 > Increasing the head of fc 50 -> 60
[INFO] main.py:167 > [2-3] Start to train under offline
[INFO] rainbow_memory.py:71 > Streamed samples: 300
[INFO] rainbow_memory.py:72 > In-memory samples: 850
[INFO] rainbow_memory.py:73 > Train samples: 1150
[INFO] rainbow_memory.py:74 > Test samples: 1798
[INFO] rainbow_memory.py:112 > Task 5 | Epoch 1/1 | train_loss 4.1650 | train_acc 0.0507 | test_loss 4.1723 | test_acc 0.0211 | lr 0.0001
[INFO] main.py:207 > [2-4] Update the information for the current task
[INFO] finetune.py:156 > Apply after_task
[INFO] finetune.py:166 > Update memory over 60 classes by uncertainty
[INFO] finetune.py:580 > Compute uncertainty by vr_randaug!
[WARNING] finetune.py:543 > Fill the unused slots by breaking the equilibrium.
[INFO] finetune.py:199 > Memory statistic
[INFO] finetune.py:201 > 
Mourning_Warbler                  16
Western_Grebe                     16
Purple_Finch                      15
Florida_Jay                       15
Northern_Flicker                  15
Red_cockaded_Woodpecker           15
Sayornis                          15
European_Goldfinch                15
Herring_Gull                      14
Scott_Oriole                      14
American_Three_toed_Woodpecker    14
Prothonotary_Warbler              14
Red_bellied_Woodpecker            14
Myrtle_Warbler                    14
Yellow_bellied_Flycatcher         14
Northern_Fulmar                   14
Evening_Grosbeak                  14
Song_Sparrow                      14
Least_Flycatcher                  14
Hooded_Merganser                  14
White_crowned_Sparrow             14
Ringed_Kingfisher                 14
Pigeon_Guillemot                  14
White_Pelican                     14
White_necked_Raven                14
Baird_Sparrow                     14
House_Sparrow                     14
Pileated_Woodpecker               14
Hooded_Warbler                    14
Kentucky_Warbler                  14
Western_Meadowlark                14
Blue_winged_Warbler               14
Clay_colored_Sparrow              14
White_throated_Sparrow            14
Palm_Warbler                      14
Gadwall                           14
Blue_Jay                          14
Rufous_Hummingbird                14
Pomarine_Jaeger                   14
Black_throated_Sparrow            14
Cedar_Waxwing                     14
Baltimore_Oriole                  14
Acadian_Flycatcher                14
Common_Raven                      14
Pine_Grosbeak                     14
Gray_crowned_Rosy_Finch           14
Fox_Sparrow                       14
Green_tailed_Towhee               14
Chestnut_sided_Warbler            14
Gray_Kingbird                     14
Elegant_Tern                      14
American_Redstart                 14
Field_Sparrow                     14
Golden_winged_Warbler             14
Slaty_backed_Gull                 14
Blue_headed_Vireo                 14
Pine_Warbler                      14
Red_legged_Kittiwake              14
Long_tailed_Jaeger                14
Louisiana_Waterthrush             14
Name: klass, dtype: int64
[INFO] main.py:215 > [2-5] Report task result
[INFO] main.py:142 > [2-1] Prepare a datalist for the current task
[INFO] data_loader.py:76 > [Train] Get datalist from cub200_train_disjoint_rand3_cls10_task6.json
[INFO] data_loader.py:109 > [Test ] Get datalist from cub200_test_rand3_cls10_task0.json
[INFO] data_loader.py:109 > [Test ] Get datalist from cub200_test_rand3_cls10_task1.json
[INFO] data_loader.py:109 > [Test ] Get datalist from cub200_test_rand3_cls10_task2.json
[INFO] data_loader.py:109 > [Test ] Get datalist from cub200_test_rand3_cls10_task3.json
[INFO] data_loader.py:109 > [Test ] Get datalist from cub200_test_rand3_cls10_task4.json
[INFO] data_loader.py:109 > [Test ] Get datalist from cub200_test_rand3_cls10_task5.json
[INFO] data_loader.py:109 > [Test ] Get datalist from cub200_test_rand3_cls10_task6.json
[INFO] main.py:159 > [2-2] Set environment for the current task
[INFO] finetune.py:102 > Apply before_task
[INFO] finetune.py:146 > Reset the optimizer and scheduler states
[INFO] finetune.py:151 > Increasing the head of fc 60 -> 70
[INFO] main.py:167 > [2-3] Start to train under offline
[INFO] rainbow_memory.py:71 > Streamed samples: 300
[INFO] rainbow_memory.py:72 > In-memory samples: 850
[INFO] rainbow_memory.py:73 > Train samples: 1150
[INFO] rainbow_memory.py:74 > Test samples: 2098
[INFO] rainbow_memory.py:112 > Task 6 | Epoch 1/1 | train_loss 4.3013 | train_acc 0.0084 | test_loss 4.3313 | test_acc 0.0133 | lr 0.0001
[INFO] main.py:207 > [2-4] Update the information for the current task
[INFO] finetune.py:156 > Apply after_task
[INFO] finetune.py:166 > Update memory over 70 classes by uncertainty
[INFO] finetune.py:580 > Compute uncertainty by vr_randaug!
[WARNING] finetune.py:543 > Fill the unused slots by breaking the equilibrium.
[INFO] finetune.py:199 > Memory statistic
[INFO] finetune.py:201 > 
Western_Gull              14
Blue_Grosbeak             13
Forsters_Tern             13
White_Pelican             13
Least_Flycatcher          13
                          ..
White_throated_Sparrow    12
Blue_winged_Warbler       12
White_crowned_Sparrow     12
Western_Meadowlark        12
Brewer_Sparrow            12
Name: klass, Length: 70, dtype: int64
[INFO] main.py:215 > [2-5] Report task result
[INFO] main.py:142 > [2-1] Prepare a datalist for the current task
[INFO] data_loader.py:76 > [Train] Get datalist from cub200_train_disjoint_rand3_cls10_task7.json
[INFO] data_loader.py:109 > [Test ] Get datalist from cub200_test_rand3_cls10_task0.json
[INFO] data_loader.py:109 > [Test ] Get datalist from cub200_test_rand3_cls10_task1.json
[INFO] data_loader.py:109 > [Test ] Get datalist from cub200_test_rand3_cls10_task2.json
[INFO] data_loader.py:109 > [Test ] Get datalist from cub200_test_rand3_cls10_task3.json
[INFO] data_loader.py:109 > [Test ] Get datalist from cub200_test_rand3_cls10_task4.json
[INFO] data_loader.py:109 > [Test ] Get datalist from cub200_test_rand3_cls10_task5.json
[INFO] data_loader.py:109 > [Test ] Get datalist from cub200_test_rand3_cls10_task6.json
[INFO] data_loader.py:109 > [Test ] Get datalist from cub200_test_rand3_cls10_task7.json
[INFO] main.py:159 > [2-2] Set environment for the current task
[INFO] finetune.py:102 > Apply before_task
[INFO] finetune.py:146 > Reset the optimizer and scheduler states
[INFO] finetune.py:151 > Increasing the head of fc 70 -> 80
[INFO] main.py:167 > [2-3] Start to train under offline
[INFO] rainbow_memory.py:71 > Streamed samples: 300
[INFO] rainbow_memory.py:72 > In-memory samples: 850
[INFO] rainbow_memory.py:73 > Train samples: 1150
[INFO] rainbow_memory.py:74 > Test samples: 2398
[INFO] rainbow_memory.py:112 > Task 7 | Epoch 1/1 | train_loss 4.4212 | train_acc 0.0186 | test_loss 4.4632 | test_acc 0.0117 | lr 0.0001
[INFO] main.py:207 > [2-4] Update the information for the current task
[INFO] finetune.py:156 > Apply after_task
[INFO] finetune.py:166 > Update memory over 80 classes by uncertainty
[INFO] finetune.py:580 > Compute uncertainty by vr_randaug!
[WARNING] finetune.py:543 > Fill the unused slots by breaking the equilibrium.
[INFO] finetune.py:199 > Memory statistic
[INFO] finetune.py:201 > 
Vermilion_Flycatcher         16
Scissor_tailed_Flycatcher    16
American_Pipit               14
Prairie_Warbler              13
Yellow_Warbler               13
                             ..
Pigeon_Guillemot             10
Red_cockaded_Woodpecker      10
White_necked_Raven           10
Baird_Sparrow                10
Yellow_bellied_Flycatcher    10
Name: klass, Length: 80, dtype: int64
[INFO] main.py:215 > [2-5] Report task result
[INFO] main.py:142 > [2-1] Prepare a datalist for the current task
[INFO] data_loader.py:76 > [Train] Get datalist from cub200_train_disjoint_rand3_cls10_task8.json
[INFO] data_loader.py:109 > [Test ] Get datalist from cub200_test_rand3_cls10_task0.json
[INFO] data_loader.py:109 > [Test ] Get datalist from cub200_test_rand3_cls10_task1.json
[INFO] data_loader.py:109 > [Test ] Get datalist from cub200_test_rand3_cls10_task2.json
[INFO] data_loader.py:109 > [Test ] Get datalist from cub200_test_rand3_cls10_task3.json
[INFO] data_loader.py:109 > [Test ] Get datalist from cub200_test_rand3_cls10_task4.json
[INFO] data_loader.py:109 > [Test ] Get datalist from cub200_test_rand3_cls10_task5.json
[INFO] data_loader.py:109 > [Test ] Get datalist from cub200_test_rand3_cls10_task6.json
[INFO] data_loader.py:109 > [Test ] Get datalist from cub200_test_rand3_cls10_task7.json
[INFO] data_loader.py:109 > [Test ] Get datalist from cub200_test_rand3_cls10_task8.json
[INFO] main.py:159 > [2-2] Set environment for the current task
[INFO] finetune.py:102 > Apply before_task
[INFO] finetune.py:146 > Reset the optimizer and scheduler states
[INFO] finetune.py:151 > Increasing the head of fc 80 -> 90
[INFO] main.py:167 > [2-3] Start to train under offline
[INFO] rainbow_memory.py:71 > Streamed samples: 299
[INFO] rainbow_memory.py:72 > In-memory samples: 850
[INFO] rainbow_memory.py:73 > Train samples: 1149
[INFO] rainbow_memory.py:74 > Test samples: 2697
[INFO] rainbow_memory.py:112 > Task 8 | Epoch 1/1 | train_loss 4.5347 | train_acc 0.0051 | test_loss 4.5828 | test_acc 0.0093 | lr 0.0001
[INFO] main.py:207 > [2-4] Update the information for the current task
[INFO] finetune.py:156 > Apply after_task
[INFO] finetune.py:166 > Update memory over 90 classes by uncertainty
[INFO] finetune.py:580 > Compute uncertainty by vr_randaug!
[WARNING] finetune.py:543 > Fill the unused slots by breaking the equilibrium.
[INFO] finetune.py:199 > Memory statistic
[INFO] finetune.py:201 > 
Green_Violetear           14
Rock_Wren                 13
House_Wren                13
Red_breasted_Merganser    11
Glaucous_winged_Gull      11
                          ..
White_crowned_Sparrow      9
White_throated_Sparrow     9
Long_tailed_Jaeger         9
Red_legged_Kittiwake       9
Least_Flycatcher           9
Name: klass, Length: 90, dtype: int64
[INFO] main.py:215 > [2-5] Report task result
[INFO] main.py:142 > [2-1] Prepare a datalist for the current task
[INFO] data_loader.py:76 > [Train] Get datalist from cub200_train_disjoint_rand3_cls10_task9.json
[INFO] data_loader.py:109 > [Test ] Get datalist from cub200_test_rand3_cls10_task0.json
[INFO] data_loader.py:109 > [Test ] Get datalist from cub200_test_rand3_cls10_task1.json
[INFO] data_loader.py:109 > [Test ] Get datalist from cub200_test_rand3_cls10_task2.json
[INFO] data_loader.py:109 > [Test ] Get datalist from cub200_test_rand3_cls10_task3.json
[INFO] data_loader.py:109 > [Test ] Get datalist from cub200_test_rand3_cls10_task4.json
[INFO] data_loader.py:109 > [Test ] Get datalist from cub200_test_rand3_cls10_task5.json
[INFO] data_loader.py:109 > [Test ] Get datalist from cub200_test_rand3_cls10_task6.json
[INFO] data_loader.py:109 > [Test ] Get datalist from cub200_test_rand3_cls10_task7.json
[INFO] data_loader.py:109 > [Test ] Get datalist from cub200_test_rand3_cls10_task8.json
[INFO] data_loader.py:109 > [Test ] Get datalist from cub200_test_rand3_cls10_task9.json
[INFO] main.py:159 > [2-2] Set environment for the current task
[INFO] finetune.py:102 > Apply before_task
[INFO] finetune.py:146 > Reset the optimizer and scheduler states
[INFO] finetune.py:151 > Increasing the head of fc 90 -> 100
[INFO] main.py:167 > [2-3] Start to train under offline
[INFO] rainbow_memory.py:71 > Streamed samples: 300
[INFO] rainbow_memory.py:72 > In-memory samples: 850
[INFO] rainbow_memory.py:73 > Train samples: 1150
[INFO] rainbow_memory.py:74 > Test samples: 2997
[INFO] rainbow_memory.py:112 > Task 9 | Epoch 1/1 | train_loss 4.5638 | train_acc 0.0236 | test_loss 4.7065 | test_acc 0.0080 | lr 0.0001
[INFO] main.py:207 > [2-4] Update the information for the current task
[INFO] finetune.py:156 > Apply after_task
[INFO] finetune.py:166 > Update memory over 100 classes by uncertainty
[INFO] finetune.py:580 > Compute uncertainty by vr_randaug!
[WARNING] finetune.py:543 > Fill the unused slots by breaking the equilibrium.
[INFO] finetune.py:199 > Memory statistic
[INFO] finetune.py:201 > 
White_breasted_Kingfisher    16
Downy_Woodpecker             12
Cerulean_Warbler             12
Belted_Kingfisher            11
Black_capped_Vireo           11
                             ..
Sayornis                      8
Western_Meadowlark            8
White_crowned_Sparrow         8
Blue_winged_Warbler           8
Baird_Sparrow                 8
Name: klass, Length: 100, dtype: int64
[INFO] main.py:215 > [2-5] Report task result
[INFO] main.py:142 > [2-1] Prepare a datalist for the current task
[INFO] data_loader.py:76 > [Train] Get datalist from cub200_train_disjoint_rand3_cls10_task10.json
[INFO] data_loader.py:109 > [Test ] Get datalist from cub200_test_rand3_cls10_task0.json
[INFO] data_loader.py:109 > [Test ] Get datalist from cub200_test_rand3_cls10_task1.json
[INFO] data_loader.py:109 > [Test ] Get datalist from cub200_test_rand3_cls10_task2.json
[INFO] data_loader.py:109 > [Test ] Get datalist from cub200_test_rand3_cls10_task3.json
[INFO] data_loader.py:109 > [Test ] Get datalist from cub200_test_rand3_cls10_task4.json
[INFO] data_loader.py:109 > [Test ] Get datalist from cub200_test_rand3_cls10_task5.json
[INFO] data_loader.py:109 > [Test ] Get datalist from cub200_test_rand3_cls10_task6.json
[INFO] data_loader.py:109 > [Test ] Get datalist from cub200_test_rand3_cls10_task7.json
[INFO] data_loader.py:109 > [Test ] Get datalist from cub200_test_rand3_cls10_task8.json
[INFO] data_loader.py:109 > [Test ] Get datalist from cub200_test_rand3_cls10_task9.json
[INFO] data_loader.py:109 > [Test ] Get datalist from cub200_test_rand3_cls10_task10.json
[INFO] main.py:159 > [2-2] Set environment for the current task
[INFO] finetune.py:102 > Apply before_task
[INFO] finetune.py:146 > Reset the optimizer and scheduler states
[INFO] finetune.py:151 > Increasing the head of fc 100 -> 110
[INFO] main.py:167 > [2-3] Start to train under offline
[INFO] rainbow_memory.py:71 > Streamed samples: 299
[INFO] rainbow_memory.py:72 > In-memory samples: 850
[INFO] rainbow_memory.py:73 > Train samples: 1149
[INFO] rainbow_memory.py:74 > Test samples: 3296
[INFO] rainbow_memory.py:112 > Task 10 | Epoch 1/1 | train_loss 4.8073 | train_acc 0.0034 | test_loss 4.7827 | test_acc 0.0112 | lr 0.0001
[INFO] main.py:207 > [2-4] Update the information for the current task
[INFO] finetune.py:156 > Apply after_task
[INFO] finetune.py:166 > Update memory over 110 classes by uncertainty
[INFO] finetune.py:580 > Compute uncertainty by vr_randaug!
[WARNING] finetune.py:543 > Fill the unused slots by breaking the equilibrium.
[INFO] finetune.py:199 > Memory statistic
[INFO] finetune.py:201 > 
Horned_Puffin                  16
Philadelphia_Vireo             14
Nelson_Sharp_tailed_Sparrow    13
Black_Tern                     12
Bohemian_Waxwing               12
                               ..
Prothonotary_Warbler            7
Northern_Flicker                7
Sayornis                        7
Herring_Gull                    7
Hooded_Warbler                  7
Name: klass, Length: 110, dtype: int64
[INFO] main.py:215 > [2-5] Report task result
[INFO] main.py:142 > [2-1] Prepare a datalist for the current task
[INFO] data_loader.py:76 > [Train] Get datalist from cub200_train_disjoint_rand3_cls10_task11.json
[INFO] data_loader.py:109 > [Test ] Get datalist from cub200_test_rand3_cls10_task0.json
[INFO] data_loader.py:109 > [Test ] Get datalist from cub200_test_rand3_cls10_task1.json
[INFO] data_loader.py:109 > [Test ] Get datalist from cub200_test_rand3_cls10_task2.json
[INFO] data_loader.py:109 > [Test ] Get datalist from cub200_test_rand3_cls10_task3.json
[INFO] data_loader.py:109 > [Test ] Get datalist from cub200_test_rand3_cls10_task4.json
[INFO] data_loader.py:109 > [Test ] Get datalist from cub200_test_rand3_cls10_task5.json
[INFO] data_loader.py:109 > [Test ] Get datalist from cub200_test_rand3_cls10_task6.json
[INFO] data_loader.py:109 > [Test ] Get datalist from cub200_test_rand3_cls10_task7.json
[INFO] data_loader.py:109 > [Test ] Get datalist from cub200_test_rand3_cls10_task8.json
[INFO] data_loader.py:109 > [Test ] Get datalist from cub200_test_rand3_cls10_task9.json
[INFO] data_loader.py:109 > [Test ] Get datalist from cub200_test_rand3_cls10_task10.json
[INFO] data_loader.py:109 > [Test ] Get datalist from cub200_test_rand3_cls10_task11.json
[INFO] main.py:159 > [2-2] Set environment for the current task
[INFO] finetune.py:102 > Apply before_task
[INFO] finetune.py:146 > Reset the optimizer and scheduler states
[INFO] finetune.py:151 > Increasing the head of fc 110 -> 120
[INFO] main.py:167 > [2-3] Start to train under offline
[INFO] rainbow_memory.py:71 > Streamed samples: 300
[INFO] rainbow_memory.py:72 > In-memory samples: 850
[INFO] rainbow_memory.py:73 > Train samples: 1150
[INFO] rainbow_memory.py:74 > Test samples: 3596
[INFO] rainbow_memory.py:112 > Task 11 | Epoch 1/1 | train_loss 4.8693 | train_acc 0.0051 | test_loss 4.8648 | test_acc 0.0095 | lr 0.0001
[INFO] main.py:207 > [2-4] Update the information for the current task
[INFO] finetune.py:156 > Apply after_task
[INFO] finetune.py:166 > Update memory over 120 classes by uncertainty
[INFO] finetune.py:580 > Compute uncertainty by vr_randaug!
[WARNING] finetune.py:543 > Fill the unused slots by breaking the equilibrium.
[INFO] finetune.py:199 > Memory statistic
[INFO] finetune.py:201 > 
Chipping_Sparrow      9
Whip_poor_Will        9
Common_Tern           8
Mangrove_Cuckoo       8
Cactus_Wren           8
                     ..
Northern_Flicker      7
Sayornis              7
Herring_Gull          7
Western_Meadowlark    7
Blue_Grosbeak         7
Name: klass, Length: 120, dtype: int64
[INFO] main.py:215 > [2-5] Report task result
[INFO] main.py:142 > [2-1] Prepare a datalist for the current task
[INFO] data_loader.py:76 > [Train] Get datalist from cub200_train_disjoint_rand3_cls10_task12.json
[INFO] data_loader.py:109 > [Test ] Get datalist from cub200_test_rand3_cls10_task0.json
[INFO] data_loader.py:109 > [Test ] Get datalist from cub200_test_rand3_cls10_task1.json
[INFO] data_loader.py:109 > [Test ] Get datalist from cub200_test_rand3_cls10_task2.json
[INFO] data_loader.py:109 > [Test ] Get datalist from cub200_test_rand3_cls10_task3.json
[INFO] data_loader.py:109 > [Test ] Get datalist from cub200_test_rand3_cls10_task4.json
[INFO] data_loader.py:109 > [Test ] Get datalist from cub200_test_rand3_cls10_task5.json
[INFO] data_loader.py:109 > [Test ] Get datalist from cub200_test_rand3_cls10_task6.json
[INFO] data_loader.py:109 > [Test ] Get datalist from cub200_test_rand3_cls10_task7.json
[INFO] data_loader.py:109 > [Test ] Get datalist from cub200_test_rand3_cls10_task8.json
[INFO] data_loader.py:109 > [Test ] Get datalist from cub200_test_rand3_cls10_task9.json
[INFO] data_loader.py:109 > [Test ] Get datalist from cub200_test_rand3_cls10_task10.json
[INFO] data_loader.py:109 > [Test ] Get datalist from cub200_test_rand3_cls10_task11.json
[INFO] data_loader.py:109 > [Test ] Get datalist from cub200_test_rand3_cls10_task12.json
[INFO] main.py:159 > [2-2] Set environment for the current task
[INFO] finetune.py:102 > Apply before_task
[INFO] finetune.py:146 > Reset the optimizer and scheduler states
[INFO] finetune.py:151 > Increasing the head of fc 120 -> 130
[INFO] main.py:167 > [2-3] Start to train under offline
[INFO] rainbow_memory.py:71 > Streamed samples: 300
[INFO] rainbow_memory.py:72 > In-memory samples: 850
[INFO] rainbow_memory.py:73 > Train samples: 1150
[INFO] rainbow_memory.py:74 > Test samples: 3896
[INFO] rainbow_memory.py:112 > Task 12 | Epoch 1/1 | train_loss 4.8133 | train_acc 0.0101 | test_loss 4.9498 | test_acc 0.0064 | lr 0.0001
[INFO] main.py:207 > [2-4] Update the information for the current task
[INFO] finetune.py:156 > Apply after_task
[INFO] finetune.py:166 > Update memory over 130 classes by uncertainty
[INFO] finetune.py:580 > Compute uncertainty by vr_randaug!
[WARNING] finetune.py:543 > Fill the unused slots by breaking the equilibrium.
[INFO] finetune.py:199 > Memory statistic
[INFO] finetune.py:201 > 
Tropical_Kingbird          15
White_breasted_Nuthatch    11
Bewick_Wren                11
Mallard                    11
Yellow_throated_Vireo      11
                           ..
Least_Flycatcher            6
Hooded_Merganser            6
Evening_Grosbeak            6
Northern_Fulmar             6
Dark_eyed_Junco             6
Name: klass, Length: 130, dtype: int64
[INFO] main.py:215 > [2-5] Report task result
[INFO] main.py:142 > [2-1] Prepare a datalist for the current task
[INFO] data_loader.py:76 > [Train] Get datalist from cub200_train_disjoint_rand3_cls10_task13.json
[INFO] data_loader.py:109 > [Test ] Get datalist from cub200_test_rand3_cls10_task0.json
[INFO] data_loader.py:109 > [Test ] Get datalist from cub200_test_rand3_cls10_task1.json
[INFO] data_loader.py:109 > [Test ] Get datalist from cub200_test_rand3_cls10_task2.json
[INFO] data_loader.py:109 > [Test ] Get datalist from cub200_test_rand3_cls10_task3.json
[INFO] data_loader.py:109 > [Test ] Get datalist from cub200_test_rand3_cls10_task4.json
[INFO] data_loader.py:109 > [Test ] Get datalist from cub200_test_rand3_cls10_task5.json
[INFO] data_loader.py:109 > [Test ] Get datalist from cub200_test_rand3_cls10_task6.json
[INFO] data_loader.py:109 > [Test ] Get datalist from cub200_test_rand3_cls10_task7.json
[INFO] data_loader.py:109 > [Test ] Get datalist from cub200_test_rand3_cls10_task8.json
[INFO] data_loader.py:109 > [Test ] Get datalist from cub200_test_rand3_cls10_task9.json
[INFO] data_loader.py:109 > [Test ] Get datalist from cub200_test_rand3_cls10_task10.json
[INFO] data_loader.py:109 > [Test ] Get datalist from cub200_test_rand3_cls10_task11.json
[INFO] data_loader.py:109 > [Test ] Get datalist from cub200_test_rand3_cls10_task12.json
[INFO] data_loader.py:109 > [Test ] Get datalist from cub200_test_rand3_cls10_task13.json
[INFO] main.py:159 > [2-2] Set environment for the current task
[INFO] finetune.py:102 > Apply before_task
[INFO] finetune.py:146 > Reset the optimizer and scheduler states
[INFO] finetune.py:151 > Increasing the head of fc 130 -> 140
[INFO] main.py:167 > [2-3] Start to train under offline
[INFO] rainbow_memory.py:71 > Streamed samples: 300
[INFO] rainbow_memory.py:72 > In-memory samples: 850
[INFO] rainbow_memory.py:73 > Train samples: 1150
[INFO] rainbow_memory.py:74 > Test samples: 4196
[INFO] rainbow_memory.py:112 > Task 13 | Epoch 1/1 | train_loss 4.9115 | train_acc 0.0118 | test_loss 5.0239 | test_acc 0.0081 | lr 0.0001
[INFO] main.py:207 > [2-4] Update the information for the current task
[INFO] finetune.py:156 > Apply after_task
[INFO] finetune.py:166 > Update memory over 140 classes by uncertainty
[INFO] finetune.py:580 > Compute uncertainty by vr_randaug!
[WARNING] finetune.py:543 > Fill the unused slots by breaking the equilibrium.
[INFO] finetune.py:199 > Memory statistic
[INFO] finetune.py:201 > 
Bay_breasted_Warbler         9
Horned_Lark                  8
Geococcyx                    7
Yellow_throated_Vireo        7
Western_Wood_Pewee           7
                            ..
Yellow_bellied_Flycatcher    6
Myrtle_Warbler               6
Red_bellied_Woodpecker       6
Prothonotary_Warbler         6
Scarlet_Tanager              6
Name: klass, Length: 140, dtype: int64
[INFO] main.py:215 > [2-5] Report task result
[INFO] main.py:142 > [2-1] Prepare a datalist for the current task
[INFO] data_loader.py:76 > [Train] Get datalist from cub200_train_disjoint_rand3_cls10_task14.json
[INFO] data_loader.py:109 > [Test ] Get datalist from cub200_test_rand3_cls10_task0.json
[INFO] data_loader.py:109 > [Test ] Get datalist from cub200_test_rand3_cls10_task1.json
[INFO] data_loader.py:109 > [Test ] Get datalist from cub200_test_rand3_cls10_task2.json
[INFO] data_loader.py:109 > [Test ] Get datalist from cub200_test_rand3_cls10_task3.json
[INFO] data_loader.py:109 > [Test ] Get datalist from cub200_test_rand3_cls10_task4.json
[INFO] data_loader.py:109 > [Test ] Get datalist from cub200_test_rand3_cls10_task5.json
[INFO] data_loader.py:109 > [Test ] Get datalist from cub200_test_rand3_cls10_task6.json
[INFO] data_loader.py:109 > [Test ] Get datalist from cub200_test_rand3_cls10_task7.json
[INFO] data_loader.py:109 > [Test ] Get datalist from cub200_test_rand3_cls10_task8.json
[INFO] data_loader.py:109 > [Test ] Get datalist from cub200_test_rand3_cls10_task9.json
[INFO] data_loader.py:109 > [Test ] Get datalist from cub200_test_rand3_cls10_task10.json
[INFO] data_loader.py:109 > [Test ] Get datalist from cub200_test_rand3_cls10_task11.json
[INFO] data_loader.py:109 > [Test ] Get datalist from cub200_test_rand3_cls10_task12.json
[INFO] data_loader.py:109 > [Test ] Get datalist from cub200_test_rand3_cls10_task13.json
[INFO] data_loader.py:109 > [Test ] Get datalist from cub200_test_rand3_cls10_task14.json
[INFO] main.py:159 > [2-2] Set environment for the current task
[INFO] finetune.py:102 > Apply before_task
[INFO] finetune.py:146 > Reset the optimizer and scheduler states
[INFO] finetune.py:151 > Increasing the head of fc 140 -> 150
[INFO] main.py:167 > [2-3] Start to train under offline
[INFO] rainbow_memory.py:71 > Streamed samples: 298
[INFO] rainbow_memory.py:72 > In-memory samples: 850
[INFO] rainbow_memory.py:73 > Train samples: 1148
[INFO] rainbow_memory.py:74 > Test samples: 4494
[INFO] rainbow_memory.py:112 > Task 14 | Epoch 1/1 | train_loss 5.0101 | train_acc 0.0068 | test_loss 5.0907 | test_acc 0.0060 | lr 0.0001
[INFO] main.py:207 > [2-4] Update the information for the current task
[INFO] finetune.py:156 > Apply after_task
[INFO] finetune.py:166 > Update memory over 150 classes by uncertainty
[INFO] finetune.py:580 > Compute uncertainty by vr_randaug!
[WARNING] finetune.py:543 > Fill the unused slots by breaking the equilibrium.
[INFO] finetune.py:199 > Memory statistic
[INFO] finetune.py:201 > 
Ring_billed_Gull          14
Grasshopper_Sparrow       13
Brown_Pelican             13
Seaside_Sparrow           13
Common_Yellowthroat       11
                          ..
Caspian_Tern               5
American_Pipit             5
White_throated_Sparrow     5
Brewer_Sparrow             5
Song_Sparrow               5
Name: klass, Length: 150, dtype: int64
[INFO] main.py:215 > [2-5] Report task result
[INFO] main.py:142 > [2-1] Prepare a datalist for the current task
[INFO] data_loader.py:76 > [Train] Get datalist from cub200_train_disjoint_rand3_cls10_task15.json
[INFO] data_loader.py:109 > [Test ] Get datalist from cub200_test_rand3_cls10_task0.json
[INFO] data_loader.py:109 > [Test ] Get datalist from cub200_test_rand3_cls10_task1.json
[INFO] data_loader.py:109 > [Test ] Get datalist from cub200_test_rand3_cls10_task2.json
[INFO] data_loader.py:109 > [Test ] Get datalist from cub200_test_rand3_cls10_task3.json
[INFO] data_loader.py:109 > [Test ] Get datalist from cub200_test_rand3_cls10_task4.json
[INFO] data_loader.py:109 > [Test ] Get datalist from cub200_test_rand3_cls10_task5.json
[INFO] data_loader.py:109 > [Test ] Get datalist from cub200_test_rand3_cls10_task6.json
[INFO] data_loader.py:109 > [Test ] Get datalist from cub200_test_rand3_cls10_task7.json
[INFO] data_loader.py:109 > [Test ] Get datalist from cub200_test_rand3_cls10_task8.json
[INFO] data_loader.py:109 > [Test ] Get datalist from cub200_test_rand3_cls10_task9.json
[INFO] data_loader.py:109 > [Test ] Get datalist from cub200_test_rand3_cls10_task10.json
[INFO] data_loader.py:109 > [Test ] Get datalist from cub200_test_rand3_cls10_task11.json
[INFO] data_loader.py:109 > [Test ] Get datalist from cub200_test_rand3_cls10_task12.json
[INFO] data_loader.py:109 > [Test ] Get datalist from cub200_test_rand3_cls10_task13.json
[INFO] data_loader.py:109 > [Test ] Get datalist from cub200_test_rand3_cls10_task14.json
[INFO] data_loader.py:109 > [Test ] Get datalist from cub200_test_rand3_cls10_task15.json
[INFO] main.py:159 > [2-2] Set environment for the current task
[INFO] finetune.py:102 > Apply before_task
[INFO] finetune.py:146 > Reset the optimizer and scheduler states
[INFO] finetune.py:151 > Increasing the head of fc 150 -> 160
[INFO] main.py:167 > [2-3] Start to train under offline
[INFO] rainbow_memory.py:71 > Streamed samples: 300
[INFO] rainbow_memory.py:72 > In-memory samples: 850
[INFO] rainbow_memory.py:73 > Train samples: 1150
[INFO] rainbow_memory.py:74 > Test samples: 4794
[INFO] rainbow_memory.py:112 > Task 15 | Epoch 1/1 | train_loss 5.0892 | train_acc 0.0051 | test_loss 5.1554 | test_acc 0.0081 | lr 0.0001
[INFO] main.py:207 > [2-4] Update the information for the current task
[INFO] finetune.py:156 > Apply after_task
[INFO] finetune.py:166 > Update memory over 160 classes by uncertainty
[INFO] finetune.py:580 > Compute uncertainty by vr_randaug!
[WARNING] finetune.py:543 > Fill the unused slots by breaking the equilibrium.
[INFO] finetune.py:199 > Memory statistic
[INFO] finetune.py:201 > 
Tennessee_Warbler              11
Le_Conte_Sparrow               11
Black_throated_Blue_Warbler    11
Mockingbird                    10
Orange_crowned_Warbler          9
                               ..
Florida_Jay                     5
Hooded_Warbler                  5
Western_Grebe                   5
European_Goldfinch              5
Olive_sided_Flycatcher          5
Name: klass, Length: 160, dtype: int64
[INFO] main.py:215 > [2-5] Report task result
[INFO] main.py:142 > [2-1] Prepare a datalist for the current task
[INFO] data_loader.py:76 > [Train] Get datalist from cub200_train_disjoint_rand3_cls10_task16.json
[INFO] data_loader.py:109 > [Test ] Get datalist from cub200_test_rand3_cls10_task0.json
[INFO] data_loader.py:109 > [Test ] Get datalist from cub200_test_rand3_cls10_task1.json
[INFO] data_loader.py:109 > [Test ] Get datalist from cub200_test_rand3_cls10_task2.json
[INFO] data_loader.py:109 > [Test ] Get datalist from cub200_test_rand3_cls10_task3.json
[INFO] data_loader.py:109 > [Test ] Get datalist from cub200_test_rand3_cls10_task4.json
[INFO] data_loader.py:109 > [Test ] Get datalist from cub200_test_rand3_cls10_task5.json
[INFO] data_loader.py:109 > [Test ] Get datalist from cub200_test_rand3_cls10_task6.json
[INFO] data_loader.py:109 > [Test ] Get datalist from cub200_test_rand3_cls10_task7.json
[INFO] data_loader.py:109 > [Test ] Get datalist from cub200_test_rand3_cls10_task8.json
[INFO] data_loader.py:109 > [Test ] Get datalist from cub200_test_rand3_cls10_task9.json
[INFO] data_loader.py:109 > [Test ] Get datalist from cub200_test_rand3_cls10_task10.json
[INFO] data_loader.py:109 > [Test ] Get datalist from cub200_test_rand3_cls10_task11.json
[INFO] data_loader.py:109 > [Test ] Get datalist from cub200_test_rand3_cls10_task12.json
[INFO] data_loader.py:109 > [Test ] Get datalist from cub200_test_rand3_cls10_task13.json
[INFO] data_loader.py:109 > [Test ] Get datalist from cub200_test_rand3_cls10_task14.json
[INFO] data_loader.py:109 > [Test ] Get datalist from cub200_test_rand3_cls10_task15.json
[INFO] data_loader.py:109 > [Test ] Get datalist from cub200_test_rand3_cls10_task16.json
[INFO] main.py:159 > [2-2] Set environment for the current task
[INFO] finetune.py:102 > Apply before_task
[INFO] finetune.py:146 > Reset the optimizer and scheduler states
[INFO] finetune.py:151 > Increasing the head of fc 160 -> 170
[INFO] main.py:167 > [2-3] Start to train under offline
[INFO] rainbow_memory.py:71 > Streamed samples: 300
[INFO] rainbow_memory.py:72 > In-memory samples: 850
[INFO] rainbow_memory.py:73 > Train samples: 1150
[INFO] rainbow_memory.py:74 > Test samples: 5094
[INFO] rainbow_memory.py:112 > Task 16 | Epoch 1/1 | train_loss 5.0820 | train_acc 0.0220 | test_loss 5.2139 | test_acc 0.0051 | lr 0.0001
[INFO] main.py:207 > [2-4] Update the information for the current task
[INFO] finetune.py:156 > Apply after_task
[INFO] finetune.py:166 > Update memory over 170 classes by uncertainty
[INFO] finetune.py:580 > Compute uncertainty by vr_randaug!
[INFO] finetune.py:199 > Memory statistic
[INFO] finetune.py:201 > 
Song_Sparrow             5
Whip_poor_Will           5
Black_Tern               5
Ivory_Gull               5
Loggerhead_Shrike        5
                        ..
Kentucky_Warbler         5
Louisiana_Waterthrush    5
Blue_Grosbeak            5
Cape_Glossy_Starling     5
Cliff_Swallow            5
Name: klass, Length: 170, dtype: int64
[INFO] main.py:215 > [2-5] Report task result
